[0.017s] Invoking command in '/home/frigi/dev_ws/test/build/my_package': CMAKE_PREFIX_PATH=${CMAKE_PREFIX_PATH}:/opt/ros/humble /usr/bin/cmake /home/frigi/dev_ws/test/src/my_package -DCMAKE_INSTALL_PREFIX=/home/frigi/dev_ws/test/install/my_package
[0.084s] -- The C compiler identification is GNU 11.2.0
[0.193s] -- The CXX compiler identification is GNU 11.2.0
[0.205s] -- Detecting C compiler ABI info
[0.321s] -- Detecting C compiler ABI info - done
[0.336s] -- Check for working C compiler: /usr/bin/cc - skipped
[0.336s] -- Detecting C compile features
[0.337s] -- Detecting C compile features - done
[0.342s] -- Detecting CXX compiler ABI info
[0.424s] -- Detecting CXX compiler ABI info - done
[0.436s] -- Check for working CXX compiler: /usr/bin/c++ - skipped
[0.436s] -- Detecting CXX compile features
[0.437s] -- Detecting CXX compile features - done
[0.440s] -- Found ament_cmake: 1.3.2 (/opt/ros/humble/share/ament_cmake/cmake)
[0.621s] -- Found Python3: /usr/bin/python3.10 (found version "3.10.6") found components: Interpreter 
[0.717s] -- Found ament_lint_auto: 0.12.4 (/opt/ros/humble/share/ament_lint_auto/cmake)
[0.824s] -- Added test 'cppcheck' to perform static code analysis on C / C++ code
[0.824s] -- Configured cppcheck include dirs: $<BUILD_INTERFACE:/home/frigi/dev_ws/test/src/my_package/include>
[0.824s] -- Configured cppcheck exclude dirs and/or files: 
[0.825s] -- Added test 'lint_cmake' to check CMake code style
[0.826s] -- Added test 'uncrustify' to check C / C++ code style
[0.827s] -- Configured uncrustify additional arguments: 
[0.827s] -- Added test 'xmllint' to check XML markup files
[0.830s] -- Configuring done
[0.836s] -- Generating done
[0.837s] -- Build files have been written to: /home/frigi/dev_ws/test/build/my_package
[0.847s] Invoked command in '/home/frigi/dev_ws/test/build/my_package' returned '0': CMAKE_PREFIX_PATH=${CMAKE_PREFIX_PATH}:/opt/ros/humble /usr/bin/cmake /home/frigi/dev_ws/test/src/my_package -DCMAKE_INSTALL_PREFIX=/home/frigi/dev_ws/test/install/my_package
[0.848s] Invoking command in '/home/frigi/dev_ws/test/build/my_package': CMAKE_PREFIX_PATH=${CMAKE_PREFIX_PATH}:/opt/ros/humble /usr/bin/cmake --build /home/frigi/dev_ws/test/build/my_package -- -j4 -l4
[0.892s] [ 50%] [32mBuilding CXX object CMakeFiles/my_node.dir/src/my_node.cpp.o[0m
[0.921s] [100%] [32m[1mLinking CXX executable my_node[0m
[0.969s] [100%] Built target my_node
[0.979s] Invoked command in '/home/frigi/dev_ws/test/build/my_package' returned '0': CMAKE_PREFIX_PATH=${CMAKE_PREFIX_PATH}:/opt/ros/humble /usr/bin/cmake --build /home/frigi/dev_ws/test/build/my_package -- -j4 -l4
[1.003s] Invoking command in '/home/frigi/dev_ws/test/build/my_package': CMAKE_PREFIX_PATH=${CMAKE_PREFIX_PATH}:/opt/ros/humble /usr/bin/cmake --install /home/frigi/dev_ws/test/build/my_package
[1.011s] -- Install configuration: ""
[1.011s] -- Installing: /home/frigi/dev_ws/test/install/my_package/lib/my_package/my_node
[1.011s] -- Installing: /home/frigi/dev_ws/test/install/my_package/share/ament_index/resource_index/package_run_dependencies/my_package
[1.011s] -- Installing: /home/frigi/dev_ws/test/install/my_package/share/ament_index/resource_index/parent_prefix_path/my_package
[1.012s] -- Installing: /home/frigi/dev_ws/test/install/my_package/share/my_package/environment/ament_prefix_path.sh
[1.012s] -- Installing: /home/frigi/dev_ws/test/install/my_package/share/my_package/environment/ament_prefix_path.dsv
[1.012s] -- Installing: /home/frigi/dev_ws/test/install/my_package/share/my_package/environment/path.sh
[1.012s] -- Installing: /home/frigi/dev_ws/test/install/my_package/share/my_package/environment/path.dsv
[1.013s] -- Installing: /home/frigi/dev_ws/test/install/my_package/share/my_package/local_setup.bash
[1.013s] -- Installing: /home/frigi/dev_ws/test/install/my_package/share/my_package/local_setup.sh
[1.013s] -- Installing: /home/frigi/dev_ws/test/install/my_package/share/my_package/local_setup.zsh
[1.014s] -- Installing: /home/frigi/dev_ws/test/install/my_package/share/my_package/local_setup.dsv
[1.014s] -- Installing: /home/frigi/dev_ws/test/install/my_package/share/my_package/package.dsv
[1.014s] -- Installing: /home/frigi/dev_ws/test/install/my_package/share/ament_index/resource_index/packages/my_package
[1.014s] -- Installing: /home/frigi/dev_ws/test/install/my_package/share/my_package/cmake/my_packageConfig.cmake
[1.015s] -- Installing: /home/frigi/dev_ws/test/install/my_package/share/my_package/cmake/my_packageConfig-version.cmake
[1.015s] -- Installing: /home/frigi/dev_ws/test/install/my_package/share/my_package/package.xml
[1.020s] Invoked command in '/home/frigi/dev_ws/test/build/my_package' returned '0': CMAKE_PREFIX_PATH=${CMAKE_PREFIX_PATH}:/opt/ros/humble /usr/bin/cmake --install /home/frigi/dev_ws/test/build/my_package
