[0.037s] Invoking command in '/home/frigi/dev_ws/test/build/cpp_pubsub': CMAKE_PREFIX_PATH=${CMAKE_PREFIX_PATH}:/home/frigi/dev_ws/test/install/py_pubsub:/opt/ros/humble /usr/bin/cmake --build /home/frigi/dev_ws/test/build/cpp_pubsub -- -j4 -l4
[0.308s] [ 50%] Built target talker
[0.308s] [100%] Built target listener
[0.309s] Invoked command in '/home/frigi/dev_ws/test/build/cpp_pubsub' returned '0': CMAKE_PREFIX_PATH=${CMAKE_PREFIX_PATH}:/home/frigi/dev_ws/test/install/py_pubsub:/opt/ros/humble /usr/bin/cmake --build /home/frigi/dev_ws/test/build/cpp_pubsub -- -j4 -l4
[0.359s] Invoking command in '/home/frigi/dev_ws/test/build/cpp_pubsub': CMAKE_PREFIX_PATH=${CMAKE_PREFIX_PATH}:/home/frigi/dev_ws/test/install/py_pubsub:/opt/ros/humble /usr/bin/cmake --install /home/frigi/dev_ws/test/build/cpp_pubsub
[0.369s] -- Install configuration: ""
[0.369s] -- Up-to-date: /home/frigi/dev_ws/test/install/cpp_pubsub/lib/cpp_pubsub/talker
[0.370s] -- Up-to-date: /home/frigi/dev_ws/test/install/cpp_pubsub/lib/cpp_pubsub/listener
[0.378s] -- Up-to-date: /home/frigi/dev_ws/test/install/cpp_pubsub/share/ament_index/resource_index/package_run_dependencies/cpp_pubsub
[0.378s] -- Up-to-date: /home/frigi/dev_ws/test/install/cpp_pubsub/share/ament_index/resource_index/parent_prefix_path/cpp_pubsub
[0.378s] -- Up-to-date: /home/frigi/dev_ws/test/install/cpp_pubsub/share/cpp_pubsub/environment/ament_prefix_path.sh
[0.379s] -- Up-to-date: /home/frigi/dev_ws/test/install/cpp_pubsub/share/cpp_pubsub/environment/ament_prefix_path.dsv
[0.379s] -- Up-to-date: /home/frigi/dev_ws/test/install/cpp_pubsub/share/cpp_pubsub/environment/path.sh
[0.379s] -- Up-to-date: /home/frigi/dev_ws/test/install/cpp_pubsub/share/cpp_pubsub/environment/path.dsv
[0.379s] -- Up-to-date: /home/frigi/dev_ws/test/install/cpp_pubsub/share/cpp_pubsub/local_setup.bash
[0.380s] -- Up-to-date: /home/frigi/dev_ws/test/install/cpp_pubsub/share/cpp_pubsub/local_setup.sh
[0.380s] -- Up-to-date: /home/frigi/dev_ws/test/install/cpp_pubsub/share/cpp_pubsub/local_setup.zsh
[0.380s] -- Up-to-date: /home/frigi/dev_ws/test/install/cpp_pubsub/share/cpp_pubsub/local_setup.dsv
[0.381s] -- Installing: /home/frigi/dev_ws/test/install/cpp_pubsub/share/cpp_pubsub/package.dsv
[0.381s] -- Up-to-date: /home/frigi/dev_ws/test/install/cpp_pubsub/share/ament_index/resource_index/packages/cpp_pubsub
[0.381s] -- Up-to-date: /home/frigi/dev_ws/test/install/cpp_pubsub/share/cpp_pubsub/cmake/cpp_pubsubConfig.cmake
[0.381s] -- Up-to-date: /home/frigi/dev_ws/test/install/cpp_pubsub/share/cpp_pubsub/cmake/cpp_pubsubConfig-version.cmake
[0.382s] -- Up-to-date: /home/frigi/dev_ws/test/install/cpp_pubsub/share/cpp_pubsub/package.xml
[0.426s] Invoked command in '/home/frigi/dev_ws/test/build/cpp_pubsub' returned '0': CMAKE_PREFIX_PATH=${CMAKE_PREFIX_PATH}:/home/frigi/dev_ws/test/install/py_pubsub:/opt/ros/humble /usr/bin/cmake --install /home/frigi/dev_ws/test/build/cpp_pubsub
