[0.546s] Invoking command in '/home/frigi/dev_ws/test/src/py_pubsub': PYTHONPATH=/home/frigi/dev_ws/test/install/py_pubsub/lib/python3.10/site-packages:${PYTHONPATH} /usr/bin/python3 setup.py egg_info --egg-base ../../build/py_pubsub build --build-base /home/frigi/dev_ws/test/build/py_pubsub/build install --prefix /home/frigi/dev_ws/test/install/py_pubsub --record /home/frigi/dev_ws/test/build/py_pubsub/install.log --single-version-externally-managed
[0.764s] running egg_info
[0.765s] writing ../../build/py_pubsub/py_pubsub.egg-info/PKG-INFO
[0.765s] writing dependency_links to ../../build/py_pubsub/py_pubsub.egg-info/dependency_links.txt
[0.765s] writing entry points to ../../build/py_pubsub/py_pubsub.egg-info/entry_points.txt
[0.766s] writing requirements to ../../build/py_pubsub/py_pubsub.egg-info/requires.txt
[0.766s] writing top-level names to ../../build/py_pubsub/py_pubsub.egg-info/top_level.txt
[0.768s] reading manifest file '../../build/py_pubsub/py_pubsub.egg-info/SOURCES.txt'
[0.769s] writing manifest file '../../build/py_pubsub/py_pubsub.egg-info/SOURCES.txt'
[0.769s] running build
[0.769s] running build_py
[0.769s] running install
[0.770s] /usr/lib/python3/dist-packages/setuptools/command/install.py:34: SetuptoolsDeprecationWarning: setup.py install is deprecated. Use build and pip and other standards-based tools.
[0.770s]   warnings.warn(
[0.770s] running install_lib
[0.771s] running install_data
[0.772s] running install_egg_info
[0.774s] removing '/home/frigi/dev_ws/test/install/py_pubsub/lib/python3.10/site-packages/py_pubsub-0.0.0-py3.10.egg-info' (and everything under it)
[0.774s] Copying ../../build/py_pubsub/py_pubsub.egg-info to /home/frigi/dev_ws/test/install/py_pubsub/lib/python3.10/site-packages/py_pubsub-0.0.0-py3.10.egg-info
[0.775s] running install_scripts
[0.797s] Installing listener script to /home/frigi/dev_ws/test/install/py_pubsub/lib/py_pubsub
[0.797s] Installing talker script to /home/frigi/dev_ws/test/install/py_pubsub/lib/py_pubsub
[0.797s] writing list of installed files to '/home/frigi/dev_ws/test/build/py_pubsub/install.log'
[0.821s] Invoked command in '/home/frigi/dev_ws/test/src/py_pubsub' returned '0': PYTHONPATH=/home/frigi/dev_ws/test/install/py_pubsub/lib/python3.10/site-packages:${PYTHONPATH} /usr/bin/python3 setup.py egg_info --egg-base ../../build/py_pubsub build --build-base /home/frigi/dev_ws/test/build/py_pubsub/build install --prefix /home/frigi/dev_ws/test/install/py_pubsub --record /home/frigi/dev_ws/test/build/py_pubsub/install.log --single-version-externally-managed
