[0.024s] Invoking command in '/home/frigi/dev_ws/test/build/my_package': CMAKE_PREFIX_PATH=${CMAKE_PREFIX_PATH}:/home/frigi/dev_ws/test/install/py_pubsub:/opt/ros/humble /usr/bin/cmake --build /home/frigi/dev_ws/test/build/my_package -- -j4 -l4
[0.091s] [100%] Built target my_node
[0.109s] Invoked command in '/home/frigi/dev_ws/test/build/my_package' returned '0': CMAKE_PREFIX_PATH=${CMAKE_PREFIX_PATH}:/home/frigi/dev_ws/test/install/py_pubsub:/opt/ros/humble /usr/bin/cmake --build /home/frigi/dev_ws/test/build/my_package -- -j4 -l4
[0.227s] Invoking command in '/home/frigi/dev_ws/test/build/my_package': CMAKE_PREFIX_PATH=${CMAKE_PREFIX_PATH}:/home/frigi/dev_ws/test/install/py_pubsub:/opt/ros/humble /usr/bin/cmake --install /home/frigi/dev_ws/test/build/my_package
[0.236s] -- Install configuration: ""
[0.237s] -- Up-to-date: /home/frigi/dev_ws/test/install/my_package/lib/my_package/my_node
[0.238s] -- Up-to-date: /home/frigi/dev_ws/test/install/my_package/share/ament_index/resource_index/package_run_dependencies/my_package
[0.238s] -- Up-to-date: /home/frigi/dev_ws/test/install/my_package/share/ament_index/resource_index/parent_prefix_path/my_package
[0.238s] -- Up-to-date: /home/frigi/dev_ws/test/install/my_package/share/my_package/environment/ament_prefix_path.sh
[0.239s] -- Up-to-date: /home/frigi/dev_ws/test/install/my_package/share/my_package/environment/ament_prefix_path.dsv
[0.239s] -- Up-to-date: /home/frigi/dev_ws/test/install/my_package/share/my_package/environment/path.sh
[0.239s] -- Up-to-date: /home/frigi/dev_ws/test/install/my_package/share/my_package/environment/path.dsv
[0.240s] -- Up-to-date: /home/frigi/dev_ws/test/install/my_package/share/my_package/local_setup.bash
[0.240s] -- Up-to-date: /home/frigi/dev_ws/test/install/my_package/share/my_package/local_setup.sh
[0.240s] -- Up-to-date: /home/frigi/dev_ws/test/install/my_package/share/my_package/local_setup.zsh
[0.241s] -- Up-to-date: /home/frigi/dev_ws/test/install/my_package/share/my_package/local_setup.dsv
[0.241s] -- Installing: /home/frigi/dev_ws/test/install/my_package/share/my_package/package.dsv
[0.241s] -- Up-to-date: /home/frigi/dev_ws/test/install/my_package/share/ament_index/resource_index/packages/my_package
[0.242s] -- Up-to-date: /home/frigi/dev_ws/test/install/my_package/share/my_package/cmake/my_packageConfig.cmake
[0.242s] -- Up-to-date: /home/frigi/dev_ws/test/install/my_package/share/my_package/cmake/my_packageConfig-version.cmake
[0.242s] -- Up-to-date: /home/frigi/dev_ws/test/install/my_package/share/my_package/package.xml
[0.248s] Invoked command in '/home/frigi/dev_ws/test/build/my_package' returned '0': CMAKE_PREFIX_PATH=${CMAKE_PREFIX_PATH}:/home/frigi/dev_ws/test/install/py_pubsub:/opt/ros/humble /usr/bin/cmake --install /home/frigi/dev_ws/test/build/my_package
