[0.026s] Invoking command in '/home/frigi/dev_ws/test/build/cpp_srvcli': CMAKE_PREFIX_PATH=${CMAKE_PREFIX_PATH}:/home/frigi/dev_ws/test/install/py_pubsub:/opt/ros/humble /usr/bin/cmake /home/frigi/dev_ws/test/src/cpp_srvcli -DCMAKE_INSTALL_PREFIX=/home/frigi/dev_ws/test/install/cpp_srvcli
[0.120s] -- The C compiler identification is GNU 11.2.0
[0.234s] -- The CXX compiler identification is GNU 11.2.0
[0.253s] -- Detecting C compiler ABI info
[0.392s] -- Detecting C compiler ABI info - done
[0.411s] -- Check for working C compiler: /usr/bin/cc - skipped
[0.411s] -- Detecting C compile features
[0.411s] -- Detecting C compile features - done
[0.416s] -- Detecting CXX compiler ABI info
[0.520s] -- Detecting CXX compiler ABI info - done
[0.530s] -- Check for working CXX compiler: /usr/bin/c++ - skipped
[0.531s] -- Detecting CXX compile features
[0.531s] -- Detecting CXX compile features - done
[0.535s] -- Found ament_cmake: 1.3.2 (/opt/ros/humble/share/ament_cmake/cmake)
[0.723s] -- Found Python3: /usr/bin/python3.10 (found version "3.10.6") found components: Interpreter 
[0.827s] -- Found rclcpp: 16.0.1 (/opt/ros/humble/share/rclcpp/cmake)
[0.901s] -- Found rosidl_generator_c: 3.1.3 (/opt/ros/humble/share/rosidl_generator_c/cmake)
[0.909s] -- Found rosidl_adapter: 3.1.3 (/opt/ros/humble/share/rosidl_adapter/cmake)
[0.918s] -- Found rosidl_generator_cpp: 3.1.3 (/opt/ros/humble/share/rosidl_generator_cpp/cmake)
[0.947s] -- Using all available rosidl_typesupport_c: rosidl_typesupport_fastrtps_c;rosidl_typesupport_introspection_c
[0.976s] -- Using all available rosidl_typesupport_cpp: rosidl_typesupport_fastrtps_cpp;rosidl_typesupport_introspection_cpp
[1.059s] -- Found rmw_implementation_cmake: 6.1.0 (/opt/ros/humble/share/rmw_implementation_cmake/cmake)
[1.063s] -- Found rmw_fastrtps_cpp: 6.2.1 (/opt/ros/humble/share/rmw_fastrtps_cpp/cmake)
[1.179s] -- Found OpenSSL: /usr/lib/x86_64-linux-gnu/libcrypto.so (found version "3.0.2")  
[1.207s] -- Found FastRTPS: /opt/ros/humble/include  
[1.257s] -- Using RMW implementation 'rmw_fastrtps_cpp' as default
[1.427s] -- Found example_interfaces: 0.9.3 (/opt/ros/humble/share/example_interfaces/cmake)
[1.581s] -- Found ament_lint_auto: 0.12.4 (/opt/ros/humble/share/ament_lint_auto/cmake)
[1.658s] -- Added test 'cppcheck' to perform static code analysis on C / C++ code
[1.659s] -- Configured cppcheck include dirs: 
[1.659s] -- Configured cppcheck exclude dirs and/or files: 
[1.660s] -- Added test 'lint_cmake' to check CMake code style
[1.661s] -- Added test 'uncrustify' to check C / C++ code style
[1.661s] -- Configured uncrustify additional arguments: 
[1.662s] -- Added test 'xmllint' to check XML markup files
[1.663s] -- Configuring done
[1.674s] -- Generating done
[1.676s] -- Build files have been written to: /home/frigi/dev_ws/test/build/cpp_srvcli
[1.687s] Invoked command in '/home/frigi/dev_ws/test/build/cpp_srvcli' returned '0': CMAKE_PREFIX_PATH=${CMAKE_PREFIX_PATH}:/home/frigi/dev_ws/test/install/py_pubsub:/opt/ros/humble /usr/bin/cmake /home/frigi/dev_ws/test/src/cpp_srvcli -DCMAKE_INSTALL_PREFIX=/home/frigi/dev_ws/test/install/cpp_srvcli
[1.688s] Invoking command in '/home/frigi/dev_ws/test/build/cpp_srvcli': CMAKE_PREFIX_PATH=${CMAKE_PREFIX_PATH}:/home/frigi/dev_ws/test/install/py_pubsub:/opt/ros/humble /usr/bin/cmake --build /home/frigi/dev_ws/test/build/cpp_srvcli -- -j4 -l4
[1.733s] [ 50%] [32mBuilding CXX object CMakeFiles/server.dir/src/add_two_ints_server.cpp.o[0m
[4.811s] [100%] [32m[1mLinking CXX executable server[0m
[4.960s] [100%] Built target server
[4.970s] Invoked command in '/home/frigi/dev_ws/test/build/cpp_srvcli' returned '0': CMAKE_PREFIX_PATH=${CMAKE_PREFIX_PATH}:/home/frigi/dev_ws/test/install/py_pubsub:/opt/ros/humble /usr/bin/cmake --build /home/frigi/dev_ws/test/build/cpp_srvcli -- -j4 -l4
[4.994s] Invoking command in '/home/frigi/dev_ws/test/build/cpp_srvcli': CMAKE_PREFIX_PATH=${CMAKE_PREFIX_PATH}:/home/frigi/dev_ws/test/install/py_pubsub:/opt/ros/humble /usr/bin/cmake --install /home/frigi/dev_ws/test/build/cpp_srvcli
[5.001s] -- Install configuration: ""
[5.001s] -- Installing: /home/frigi/dev_ws/test/install/cpp_srvcli/lib/cpp_srvcli/server
[5.002s] -- Set runtime path of "/home/frigi/dev_ws/test/install/cpp_srvcli/lib/cpp_srvcli/server" to ""
[5.003s] -- Installing: /home/frigi/dev_ws/test/install/cpp_srvcli/share/ament_index/resource_index/package_run_dependencies/cpp_srvcli
[5.003s] -- Installing: /home/frigi/dev_ws/test/install/cpp_srvcli/share/ament_index/resource_index/parent_prefix_path/cpp_srvcli
[5.003s] -- Installing: /home/frigi/dev_ws/test/install/cpp_srvcli/share/cpp_srvcli/environment/ament_prefix_path.sh
[5.003s] -- Installing: /home/frigi/dev_ws/test/install/cpp_srvcli/share/cpp_srvcli/environment/ament_prefix_path.dsv
[5.003s] -- Installing: /home/frigi/dev_ws/test/install/cpp_srvcli/share/cpp_srvcli/environment/path.sh
[5.004s] -- Installing: /home/frigi/dev_ws/test/install/cpp_srvcli/share/cpp_srvcli/environment/path.dsv
[5.004s] -- Installing: /home/frigi/dev_ws/test/install/cpp_srvcli/share/cpp_srvcli/local_setup.bash
[5.004s] -- Installing: /home/frigi/dev_ws/test/install/cpp_srvcli/share/cpp_srvcli/local_setup.sh
[5.004s] -- Installing: /home/frigi/dev_ws/test/install/cpp_srvcli/share/cpp_srvcli/local_setup.zsh
[5.004s] -- Installing: /home/frigi/dev_ws/test/install/cpp_srvcli/share/cpp_srvcli/local_setup.dsv
[5.004s] -- Installing: /home/frigi/dev_ws/test/install/cpp_srvcli/share/cpp_srvcli/package.dsv
[5.005s] -- Installing: /home/frigi/dev_ws/test/install/cpp_srvcli/share/ament_index/resource_index/packages/cpp_srvcli
[5.005s] -- Installing: /home/frigi/dev_ws/test/install/cpp_srvcli/share/cpp_srvcli/cmake/cpp_srvcliConfig.cmake
[5.005s] -- Installing: /home/frigi/dev_ws/test/install/cpp_srvcli/share/cpp_srvcli/cmake/cpp_srvcliConfig-version.cmake
[5.005s] -- Installing: /home/frigi/dev_ws/test/install/cpp_srvcli/share/cpp_srvcli/package.xml
[5.010s] Invoked command in '/home/frigi/dev_ws/test/build/cpp_srvcli' returned '0': CMAKE_PREFIX_PATH=${CMAKE_PREFIX_PATH}:/home/frigi/dev_ws/test/install/py_pubsub:/opt/ros/humble /usr/bin/cmake --install /home/frigi/dev_ws/test/build/cpp_srvcli
