[0.033s] Invoking command in '/home/frigi/dev_ws/test/build/my_package': CMAKE_PREFIX_PATH=${CMAKE_PREFIX_PATH}:/home/frigi/dev_ws/test/install/py_pubsub:/opt/ros/humble /usr/bin/cmake --build /home/frigi/dev_ws/test/build/my_package -- -j4 -l4
[0.300s] [100%] Built target my_node
[0.302s] Invoked command in '/home/frigi/dev_ws/test/build/my_package' returned '0': CMAKE_PREFIX_PATH=${CMAKE_PREFIX_PATH}:/home/frigi/dev_ws/test/install/py_pubsub:/opt/ros/humble /usr/bin/cmake --build /home/frigi/dev_ws/test/build/my_package -- -j4 -l4
[0.349s] Invoking command in '/home/frigi/dev_ws/test/build/my_package': CMAKE_PREFIX_PATH=${CMAKE_PREFIX_PATH}:/home/frigi/dev_ws/test/install/py_pubsub:/opt/ros/humble /usr/bin/cmake --install /home/frigi/dev_ws/test/build/my_package
[0.359s] -- Install configuration: ""
[0.360s] -- Up-to-date: /home/frigi/dev_ws/test/install/my_package/lib/my_package/my_node
[0.360s] -- Up-to-date: /home/frigi/dev_ws/test/install/my_package/share/ament_index/resource_index/package_run_dependencies/my_package
[0.360s] -- Up-to-date: /home/frigi/dev_ws/test/install/my_package/share/ament_index/resource_index/parent_prefix_path/my_package
[0.360s] -- Up-to-date: /home/frigi/dev_ws/test/install/my_package/share/my_package/environment/ament_prefix_path.sh
[0.360s] -- Up-to-date: /home/frigi/dev_ws/test/install/my_package/share/my_package/environment/ament_prefix_path.dsv
[0.361s] -- Up-to-date: /home/frigi/dev_ws/test/install/my_package/share/my_package/environment/path.sh
[0.361s] -- Up-to-date: /home/frigi/dev_ws/test/install/my_package/share/my_package/environment/path.dsv
[0.361s] -- Up-to-date: /home/frigi/dev_ws/test/install/my_package/share/my_package/local_setup.bash
[0.361s] -- Up-to-date: /home/frigi/dev_ws/test/install/my_package/share/my_package/local_setup.sh
[0.361s] -- Up-to-date: /home/frigi/dev_ws/test/install/my_package/share/my_package/local_setup.zsh
[0.361s] -- Up-to-date: /home/frigi/dev_ws/test/install/my_package/share/my_package/local_setup.dsv
[0.362s] -- Installing: /home/frigi/dev_ws/test/install/my_package/share/my_package/package.dsv
[0.362s] -- Up-to-date: /home/frigi/dev_ws/test/install/my_package/share/ament_index/resource_index/packages/my_package
[0.362s] -- Up-to-date: /home/frigi/dev_ws/test/install/my_package/share/my_package/cmake/my_packageConfig.cmake
[0.363s] -- Up-to-date: /home/frigi/dev_ws/test/install/my_package/share/my_package/cmake/my_packageConfig-version.cmake
[0.363s] -- Up-to-date: /home/frigi/dev_ws/test/install/my_package/share/my_package/package.xml
[0.373s] Invoked command in '/home/frigi/dev_ws/test/build/my_package' returned '0': CMAKE_PREFIX_PATH=${CMAKE_PREFIX_PATH}:/home/frigi/dev_ws/test/install/py_pubsub:/opt/ros/humble /usr/bin/cmake --install /home/frigi/dev_ws/test/build/my_package
