[0.011s] Invoking command in '/home/frigi/dev_ws/test/build/turtlesim': CMAKE_PREFIX_PATH=/opt/ros/humble /usr/bin/cmake /home/frigi/dev_ws/test/src/ros_tutorials/turtlesim -DCMAKE_INSTALL_PREFIX=/home/frigi/dev_ws/test/install/turtlesim
[0.059s] -- The C compiler identification is GNU 11.2.0
[0.113s] -- The CXX compiler identification is GNU 11.2.0
[0.120s] -- Detecting C compiler ABI info
[0.182s] -- Detecting C compiler ABI info - done
[0.193s] -- Check for working C compiler: /usr/bin/cc - skipped
[0.194s] -- Detecting C compile features
[0.194s] -- Detecting C compile features - done
[0.197s] -- Detecting CXX compiler ABI info
[0.269s] -- Detecting CXX compiler ABI info - done
[0.281s] -- Check for working CXX compiler: /usr/bin/c++ - skipped
[0.281s] -- Detecting CXX compile features
[0.282s] -- Detecting CXX compile features - done
[0.285s] -- Found ament_cmake: 1.3.2 (/opt/ros/humble/share/ament_cmake/cmake)
[0.444s] -- Found Python3: /usr/bin/python3.10 (found version "3.10.6") found components: Interpreter 
[0.529s] -- Found ament_index_cpp: 1.4.0 (/opt/ros/humble/share/ament_index_cpp/cmake)
[0.532s] -- Found geometry_msgs: 4.2.2 (/opt/ros/humble/share/geometry_msgs/cmake)
[0.568s] -- Found rosidl_generator_c: 3.1.3 (/opt/ros/humble/share/rosidl_generator_c/cmake)
[0.573s] -- Found rosidl_adapter: 3.1.3 (/opt/ros/humble/share/rosidl_adapter/cmake)
[0.581s] -- Found rosidl_generator_cpp: 3.1.3 (/opt/ros/humble/share/rosidl_generator_cpp/cmake)
[0.595s] -- Using all available rosidl_typesupport_c: rosidl_typesupport_fastrtps_c;rosidl_typesupport_introspection_c
[0.615s] -- Using all available rosidl_typesupport_cpp: rosidl_typesupport_fastrtps_cpp;rosidl_typesupport_introspection_cpp
[0.784s] -- Found rclcpp: 16.0.1 (/opt/ros/humble/share/rclcpp/cmake)
[0.859s] -- Found rmw_implementation_cmake: 6.1.0 (/opt/ros/humble/share/rmw_implementation_cmake/cmake)
[0.861s] -- Found rmw_fastrtps_cpp: 6.2.1 (/opt/ros/humble/share/rmw_fastrtps_cpp/cmake)
[0.951s] -- Found OpenSSL: /usr/lib/x86_64-linux-gnu/libcrypto.so (found version "3.0.2")  
[0.979s] -- Found FastRTPS: /opt/ros/humble/include  
[1.029s] -- Using RMW implementation 'rmw_fastrtps_cpp' as default
[1.167s] -- Found rclcpp_action: 16.0.1 (/opt/ros/humble/share/rclcpp_action/cmake)
[1.269s] -- Found rosidl_default_generators: 1.2.0 (/opt/ros/humble/share/rosidl_default_generators/cmake)
[1.280s] -- Found std_srvs: 4.2.2 (/opt/ros/humble/share/std_srvs/cmake)
[1.611s] -- Found ament_cmake_ros: 0.10.0 (/opt/ros/humble/share/ament_cmake_ros/cmake)
[1.937s] -- Using all available rosidl_typesupport_c: rosidl_typesupport_fastrtps_c;rosidl_typesupport_introspection_c
[2.058s] -- Using all available rosidl_typesupport_cpp: rosidl_typesupport_fastrtps_cpp;rosidl_typesupport_introspection_cpp
[2.079s] -- Found PythonInterp: /usr/bin/python3 (found suitable version "3.10.6", minimum required is "3.6") 
[2.081s] -- Found python_cmake_module: 0.10.0 (/opt/ros/humble/share/python_cmake_module/cmake)
[2.109s] -- Found PythonLibs: /usr/lib/x86_64-linux-gnu/libpython3.10.so (found suitable version "3.10.6", minimum required is "3.5") 
[2.109s] -- Using PYTHON_EXECUTABLE: /usr/bin/python3
[2.109s] -- Using PYTHON_INCLUDE_DIRS: /usr/include/python3.10
[2.109s] -- Using PYTHON_LIBRARIES: /usr/lib/x86_64-linux-gnu/libpython3.10.so
[2.129s] -- Found PythonExtra: .so  
[2.183s] -- Configuring done
[2.270s] -- Generating done
[2.275s] -- Build files have been written to: /home/frigi/dev_ws/test/build/turtlesim
[2.291s] Invoked command in '/home/frigi/dev_ws/test/build/turtlesim' returned '0': CMAKE_PREFIX_PATH=/opt/ros/humble /usr/bin/cmake /home/frigi/dev_ws/test/src/ros_tutorials/turtlesim -DCMAKE_INSTALL_PREFIX=/home/frigi/dev_ws/test/install/turtlesim
[2.292s] Invoking command in '/home/frigi/dev_ws/test/build/turtlesim': CMAKE_PREFIX_PATH=/opt/ros/humble /usr/bin/cmake --build /home/frigi/dev_ws/test/build/turtlesim -- -j4 -l4
[2.335s] [  1%] [34m[1mGenerating C code for ROS interfaces[0m
[2.342s] [  2%] [34m[1mGenerating C++ code for ROS interfaces[0m
[2.357s] [  2%] Built target ament_cmake_python_copy_turtlesim
[2.644s] running egg_info
[2.645s] creating turtlesim.egg-info
[2.645s] writing turtlesim.egg-info/PKG-INFO
[2.645s] writing dependency_links to turtlesim.egg-info/dependency_links.txt
[2.646s] writing top-level names to turtlesim.egg-info/top_level.txt
[2.646s] writing manifest file 'turtlesim.egg-info/SOURCES.txt'
[2.648s] reading manifest file 'turtlesim.egg-info/SOURCES.txt'
[2.648s] writing manifest file 'turtlesim.egg-info/SOURCES.txt'
[2.674s] [  2%] Built target ament_cmake_python_build_turtlesim_egg
[3.609s] [  2%] Built target turtlesim__cpp
[3.624s] [  3%] [34m[1mGenerating C++ type support dispatch for ROS interfaces[0m
[3.634s] [  4%] [34m[1mGenerating C++ type support for eProsima Fast-RTPS[0m
[3.639s] [  5%] [34m[1mGenerating C++ introspection for ROS interfaces[0m
[3.656s] [  6%] [32mBuilding C object CMakeFiles/turtlesim__rosidl_generator_c.dir/rosidl_generator_c/turtlesim/action/detail/rotate_absolute__functions.c.o[0m
[3.885s] [  7%] [32mBuilding C object CMakeFiles/turtlesim__rosidl_generator_c.dir/rosidl_generator_c/turtlesim/msg/detail/color__functions.c.o[0m
[3.966s] [  8%] [32mBuilding C object CMakeFiles/turtlesim__rosidl_generator_c.dir/rosidl_generator_c/turtlesim/msg/detail/pose__functions.c.o[0m
[4.050s] [  9%] [32mBuilding C object CMakeFiles/turtlesim__rosidl_generator_c.dir/rosidl_generator_c/turtlesim/srv/detail/kill__functions.c.o[0m
[4.173s] [ 10%] [32mBuilding C object CMakeFiles/turtlesim__rosidl_generator_c.dir/rosidl_generator_c/turtlesim/srv/detail/set_pen__functions.c.o[0m
[4.262s] [ 11%] [32mBuilding C object CMakeFiles/turtlesim__rosidl_generator_c.dir/rosidl_generator_c/turtlesim/srv/detail/spawn__functions.c.o[0m
[4.354s] [ 12%] [32mBuilding C object CMakeFiles/turtlesim__rosidl_generator_c.dir/rosidl_generator_c/turtlesim/srv/detail/teleport_absolute__functions.c.o[0m
[4.442s] [ 13%] [32mBuilding C object CMakeFiles/turtlesim__rosidl_generator_c.dir/rosidl_generator_c/turtlesim/srv/detail/teleport_relative__functions.c.o[0m
[4.545s] [ 14%] [32m[1mLinking C shared library libturtlesim__rosidl_generator_c.so[0m
[4.647s] [ 14%] Built target turtlesim__rosidl_generator_c
[4.663s] [ 15%] [34m[1mGenerating C type support for eProsima Fast-RTPS[0m
[4.847s] [ 16%] [32mBuilding CXX object CMakeFiles/turtlesim__rosidl_typesupport_cpp.dir/rosidl_typesupport_cpp/turtlesim/action/rotate_absolute__type_support.cpp.o[0m
[5.102s] [ 17%] [32mBuilding CXX object CMakeFiles/turtlesim__rosidl_typesupport_introspection_cpp.dir/rosidl_typesupport_introspection_cpp/turtlesim/action/detail/rotate_absolute__type_support.cpp.o[0m
[5.576s] [ 18%] [32mBuilding CXX object CMakeFiles/turtlesim__rosidl_typesupport_fastrtps_cpp.dir/rosidl_typesupport_fastrtps_cpp/turtlesim/action/detail/dds_fastrtps/rotate_absolute__type_support.cpp.o[0m
[5.603s] [ 19%] [32mBuilding CXX object CMakeFiles/turtlesim__rosidl_typesupport_cpp.dir/rosidl_typesupport_cpp/turtlesim/msg/color__type_support.cpp.o[0m
[6.091s] [ 20%] [32mBuilding CXX object CMakeFiles/turtlesim__rosidl_typesupport_cpp.dir/rosidl_typesupport_cpp/turtlesim/msg/pose__type_support.cpp.o[0m
[6.172s] [ 21%] [32mBuilding CXX object CMakeFiles/turtlesim__rosidl_typesupport_introspection_cpp.dir/rosidl_typesupport_introspection_cpp/turtlesim/msg/detail/color__type_support.cpp.o[0m
[6.404s] [ 22%] [32mBuilding CXX object CMakeFiles/turtlesim__rosidl_typesupport_fastrtps_c.dir/rosidl_typesupport_fastrtps_c/turtlesim/action/detail/rotate_absolute__type_support_c.cpp.o[0m
[6.568s] [ 23%] [32mBuilding CXX object CMakeFiles/turtlesim__rosidl_typesupport_cpp.dir/rosidl_typesupport_cpp/turtlesim/srv/kill__type_support.cpp.o[0m
[6.626s] [ 24%] [32mBuilding CXX object CMakeFiles/turtlesim__rosidl_typesupport_fastrtps_cpp.dir/rosidl_typesupport_fastrtps_cpp/turtlesim/msg/detail/dds_fastrtps/color__type_support.cpp.o[0m
[6.826s] [ 25%] [32mBuilding CXX object CMakeFiles/turtlesim__rosidl_typesupport_introspection_cpp.dir/rosidl_typesupport_introspection_cpp/turtlesim/msg/detail/pose__type_support.cpp.o[0m
[7.062s] [ 26%] [32mBuilding CXX object CMakeFiles/turtlesim__rosidl_typesupport_cpp.dir/rosidl_typesupport_cpp/turtlesim/srv/set_pen__type_support.cpp.o[0m
[7.101s] [ 27%] [32mBuilding CXX object CMakeFiles/turtlesim__rosidl_typesupport_fastrtps_c.dir/rosidl_typesupport_fastrtps_c/turtlesim/msg/detail/color__type_support_c.cpp.o[0m
[7.393s] [ 28%] [32mBuilding CXX object CMakeFiles/turtlesim__rosidl_typesupport_fastrtps_cpp.dir/rosidl_typesupport_fastrtps_cpp/turtlesim/msg/detail/dds_fastrtps/pose__type_support.cpp.o[0m
[7.483s] [ 29%] [32mBuilding CXX object CMakeFiles/turtlesim__rosidl_typesupport_introspection_cpp.dir/rosidl_typesupport_introspection_cpp/turtlesim/srv/detail/kill__type_support.cpp.o[0m
[7.497s] [ 30%] [32mBuilding CXX object CMakeFiles/turtlesim__rosidl_typesupport_cpp.dir/rosidl_typesupport_cpp/turtlesim/srv/spawn__type_support.cpp.o[0m
[7.755s] [ 31%] [32mBuilding CXX object CMakeFiles/turtlesim__rosidl_typesupport_fastrtps_c.dir/rosidl_typesupport_fastrtps_c/turtlesim/msg/detail/pose__type_support_c.cpp.o[0m
[7.943s] [ 32%] [32mBuilding CXX object CMakeFiles/turtlesim__rosidl_typesupport_cpp.dir/rosidl_typesupport_cpp/turtlesim/srv/teleport_absolute__type_support.cpp.o[0m
[8.059s] [ 33%] [32mBuilding CXX object CMakeFiles/turtlesim__rosidl_typesupport_fastrtps_cpp.dir/rosidl_typesupport_fastrtps_cpp/turtlesim/srv/detail/dds_fastrtps/kill__type_support.cpp.o[0m
[8.193s] [ 34%] [32mBuilding CXX object CMakeFiles/turtlesim__rosidl_typesupport_introspection_cpp.dir/rosidl_typesupport_introspection_cpp/turtlesim/srv/detail/set_pen__type_support.cpp.o[0m
[8.341s] [ 35%] [32mBuilding CXX object CMakeFiles/turtlesim__rosidl_typesupport_fastrtps_c.dir/rosidl_typesupport_fastrtps_c/turtlesim/srv/detail/kill__type_support_c.cpp.o[0m
[8.449s] [ 36%] [32mBuilding CXX object CMakeFiles/turtlesim__rosidl_typesupport_cpp.dir/rosidl_typesupport_cpp/turtlesim/srv/teleport_relative__type_support.cpp.o[0m
[8.750s] [ 37%] [32mBuilding CXX object CMakeFiles/turtlesim__rosidl_typesupport_fastrtps_cpp.dir/rosidl_typesupport_fastrtps_cpp/turtlesim/srv/detail/dds_fastrtps/set_pen__type_support.cpp.o[0m
[8.881s] [ 38%] [32mBuilding CXX object CMakeFiles/turtlesim__rosidl_typesupport_introspection_cpp.dir/rosidl_typesupport_introspection_cpp/turtlesim/srv/detail/spawn__type_support.cpp.o[0m
[8.886s] [ 39%] [32m[1mLinking CXX shared library libturtlesim__rosidl_typesupport_cpp.so[0m
[8.993s] [ 39%] Built target turtlesim__rosidl_typesupport_cpp
[9.005s] [ 40%] [32mBuilding CXX object CMakeFiles/turtlesim__rosidl_typesupport_fastrtps_c.dir/rosidl_typesupport_fastrtps_c/turtlesim/srv/detail/set_pen__type_support_c.cpp.o[0m
[9.017s] [ 41%] [32mBuilding CXX object CMakeFiles/turtlesim__rosidl_typesupport_fastrtps_c.dir/rosidl_typesupport_fastrtps_c/turtlesim/srv/detail/spawn__type_support_c.cpp.o[0m
[9.444s] [ 42%] [32mBuilding CXX object CMakeFiles/turtlesim__rosidl_typesupport_fastrtps_cpp.dir/rosidl_typesupport_fastrtps_cpp/turtlesim/srv/detail/dds_fastrtps/spawn__type_support.cpp.o[0m
[9.576s] [ 43%] [32mBuilding CXX object CMakeFiles/turtlesim__rosidl_typesupport_fastrtps_c.dir/rosidl_typesupport_fastrtps_c/turtlesim/srv/detail/teleport_absolute__type_support_c.cpp.o[0m
[9.605s] [ 44%] [32mBuilding CXX object CMakeFiles/turtlesim__rosidl_typesupport_introspection_cpp.dir/rosidl_typesupport_introspection_cpp/turtlesim/srv/detail/teleport_absolute__type_support.cpp.o[0m
[9.658s] [ 45%] [32mBuilding CXX object CMakeFiles/turtlesim__rosidl_typesupport_fastrtps_c.dir/rosidl_typesupport_fastrtps_c/turtlesim/srv/detail/teleport_relative__type_support_c.cpp.o[0m
[10.186s] [ 46%] [32mBuilding CXX object CMakeFiles/turtlesim__rosidl_typesupport_fastrtps_cpp.dir/rosidl_typesupport_fastrtps_cpp/turtlesim/srv/detail/dds_fastrtps/teleport_absolute__type_support.cpp.o[0m
[10.206s] [ 47%] [32mBuilding CXX object CMakeFiles/turtlesim__rosidl_typesupport_fastrtps_cpp.dir/rosidl_typesupport_fastrtps_cpp/turtlesim/srv/detail/dds_fastrtps/teleport_relative__type_support.cpp.o[0m
[10.230s] [ 48%] [32m[1mLinking CXX shared library libturtlesim__rosidl_typesupport_fastrtps_c.so[0m
[10.303s] [ 49%] [32mBuilding CXX object CMakeFiles/turtlesim__rosidl_typesupport_introspection_cpp.dir/rosidl_typesupport_introspection_cpp/turtlesim/srv/detail/teleport_relative__type_support.cpp.o[0m
[10.363s] [ 49%] Built target turtlesim__rosidl_typesupport_fastrtps_c
[10.377s] [ 50%] [34m[1mGenerating C introspection for ROS interfaces[0m
[10.847s] [ 51%] [34m[1mGenerating C type support dispatch for ROS interfaces[0m
[10.914s] [ 52%] [32m[1mLinking CXX shared library libturtlesim__rosidl_typesupport_fastrtps_cpp.so[0m
[10.920s] [ 53%] [32m[1mLinking CXX shared library libturtlesim__rosidl_typesupport_introspection_cpp.so[0m
[11.050s] [ 53%] Built target turtlesim__rosidl_typesupport_introspection_cpp
[11.051s] [ 53%] Built target turtlesim__rosidl_typesupport_fastrtps_cpp
[11.063s] [ 54%] [34m[1mGenerating include/turtlesim/moc_turtle_frame.cpp[0m
[11.086s] [ 55%] [32mBuilding CXX object CMakeFiles/turtle_teleop_key.dir/tutorials/teleop_turtle_key.cpp.o[0m
[11.213s] [ 56%] [32mBuilding CXX object CMakeFiles/turtlesim_node.dir/src/turtlesim.cpp.o[0m
[11.889s] [ 57%] [32mBuilding CXX object CMakeFiles/turtlesim__rosidl_typesupport_c.dir/rosidl_typesupport_c/turtlesim/action/rotate_absolute__type_support.cpp.o[0m
[11.952s] [ 58%] [32mBuilding C object CMakeFiles/turtlesim__rosidl_typesupport_introspection_c.dir/rosidl_typesupport_introspection_c/turtlesim/action/detail/rotate_absolute__type_support.c.o[0m
[11.975s] [ 59%] [32mBuilding CXX object CMakeFiles/turtlesim__rosidl_typesupport_c.dir/rosidl_typesupport_c/turtlesim/msg/color__type_support.cpp.o[0m
[12.021s] [ 60%] [32mBuilding CXX object CMakeFiles/turtlesim__rosidl_typesupport_c.dir/rosidl_typesupport_c/turtlesim/msg/pose__type_support.cpp.o[0m
[12.040s] [ 61%] [32mBuilding C object CMakeFiles/turtlesim__rosidl_typesupport_introspection_c.dir/rosidl_typesupport_introspection_c/turtlesim/msg/detail/color__type_support.c.o[0m
[12.085s] [ 62%] [32mBuilding CXX object CMakeFiles/turtlesim__rosidl_typesupport_c.dir/rosidl_typesupport_c/turtlesim/srv/kill__type_support.cpp.o[0m
[12.095s] [ 63%] [32mBuilding C object CMakeFiles/turtlesim__rosidl_typesupport_introspection_c.dir/rosidl_typesupport_introspection_c/turtlesim/msg/detail/pose__type_support.c.o[0m
[12.136s] [ 64%] [32mBuilding CXX object CMakeFiles/turtlesim__rosidl_typesupport_c.dir/rosidl_typesupport_c/turtlesim/srv/set_pen__type_support.cpp.o[0m
[12.148s] [ 65%] [32mBuilding C object CMakeFiles/turtlesim__rosidl_typesupport_introspection_c.dir/rosidl_typesupport_introspection_c/turtlesim/srv/detail/kill__type_support.c.o[0m
[12.185s] [ 66%] [32mBuilding CXX object CMakeFiles/turtlesim__rosidl_typesupport_c.dir/rosidl_typesupport_c/turtlesim/srv/spawn__type_support.cpp.o[0m
[12.211s] [ 67%] [32mBuilding C object CMakeFiles/turtlesim__rosidl_typesupport_introspection_c.dir/rosidl_typesupport_introspection_c/turtlesim/srv/detail/set_pen__type_support.c.o[0m
[12.233s] [ 68%] [32mBuilding CXX object CMakeFiles/turtlesim__rosidl_typesupport_c.dir/rosidl_typesupport_c/turtlesim/srv/teleport_absolute__type_support.cpp.o[0m
[12.266s] [ 69%] [32mBuilding C object CMakeFiles/turtlesim__rosidl_typesupport_introspection_c.dir/rosidl_typesupport_introspection_c/turtlesim/srv/detail/spawn__type_support.c.o[0m
[12.285s] [ 70%] [32mBuilding CXX object CMakeFiles/turtlesim__rosidl_typesupport_c.dir/rosidl_typesupport_c/turtlesim/srv/teleport_relative__type_support.cpp.o[0m
[12.327s] [ 71%] [32mBuilding C object CMakeFiles/turtlesim__rosidl_typesupport_introspection_c.dir/rosidl_typesupport_introspection_c/turtlesim/srv/detail/teleport_absolute__type_support.c.o[0m
[12.331s] [ 72%] [32m[1mLinking CXX shared library libturtlesim__rosidl_typesupport_c.so[0m
[12.384s] [ 73%] [32mBuilding C object CMakeFiles/turtlesim__rosidl_typesupport_introspection_c.dir/rosidl_typesupport_introspection_c/turtlesim/srv/detail/teleport_relative__type_support.c.o[0m
[12.397s] [ 73%] Built target turtlesim__rosidl_typesupport_c
[12.423s] [ 74%] [32mBuilding CXX object CMakeFiles/draw_square.dir/tutorials/draw_square.cpp.o[0m
[12.439s] [ 75%] [32m[1mLinking C shared library libturtlesim__rosidl_typesupport_introspection_c.so[0m
[12.490s] [ 75%] Built target turtlesim__rosidl_typesupport_introspection_c
[12.516s] [ 76%] [32mBuilding CXX object CMakeFiles/mimic.dir/tutorials/mimic.cpp.o[0m
[18.952s] [ 77%] [32mBuilding CXX object CMakeFiles/turtlesim_node.dir/src/turtle.cpp.o[0m
[21.220s] [ 78%] [32m[1mLinking CXX executable turtle_teleop_key[0m
[21.779s] [ 78%] Built target turtle_teleop_key
[21.808s] [ 78%] Built target turtlesim
[21.836s] [ 79%] [34m[1mGenerating Python code for ROS interfaces[0m
[26.015s] [ 79%] Built target turtlesim__py
[26.054s] [ 80%] [32mBuilding C object CMakeFiles/turtlesim__rosidl_generator_py.dir/rosidl_generator_py/turtlesim/action/_rotate_absolute_s.c.o[0m
[26.417s] [ 81%] [32mBuilding C object CMakeFiles/turtlesim__rosidl_generator_py.dir/rosidl_generator_py/turtlesim/msg/_color_s.c.o[0m
[26.634s] [ 82%] [32mBuilding C object CMakeFiles/turtlesim__rosidl_generator_py.dir/rosidl_generator_py/turtlesim/msg/_pose_s.c.o[0m
[26.860s] [ 83%] [32mBuilding C object CMakeFiles/turtlesim__rosidl_generator_py.dir/rosidl_generator_py/turtlesim/srv/_kill_s.c.o[0m
[27.094s] [ 84%] [32mBuilding C object CMakeFiles/turtlesim__rosidl_generator_py.dir/rosidl_generator_py/turtlesim/srv/_set_pen_s.c.o[0m
[27.319s] [ 85%] [32mBuilding C object CMakeFiles/turtlesim__rosidl_generator_py.dir/rosidl_generator_py/turtlesim/srv/_spawn_s.c.o[0m
[27.582s] [ 86%] [32mBuilding C object CMakeFiles/turtlesim__rosidl_generator_py.dir/rosidl_generator_py/turtlesim/srv/_teleport_absolute_s.c.o[0m
[27.614s] [ 87%] [32m[1mLinking CXX executable mimic[0m
[27.810s] [ 88%] [32mBuilding C object CMakeFiles/turtlesim__rosidl_generator_py.dir/rosidl_generator_py/turtlesim/srv/_teleport_relative_s.c.o[0m
[28.027s] [ 89%] [32m[1mLinking C shared library rosidl_generator_py/turtlesim/libturtlesim__rosidl_generator_py.so[0m
[28.106s] [ 89%] Built target turtlesim__rosidl_generator_py
[28.137s] [ 90%] [32mBuilding C object CMakeFiles/turtlesim__rosidl_typesupport_fastrtps_c__pyext.dir/rosidl_generator_py/turtlesim/_turtlesim_s.ep.rosidl_typesupport_fastrtps_c.c.o[0m
[28.431s] [ 91%] [32m[1mLinking C shared library rosidl_generator_py/turtlesim/turtlesim_s__rosidl_typesupport_fastrtps_c.cpython-310-x86_64-linux-gnu.so[0m
[28.498s] [ 91%] Built target turtlesim__rosidl_typesupport_fastrtps_c__pyext
[28.529s] [ 92%] [32mBuilding C object CMakeFiles/turtlesim__rosidl_typesupport_introspection_c__pyext.dir/rosidl_generator_py/turtlesim/_turtlesim_s.ep.rosidl_typesupport_introspection_c.c.o[0m
[28.675s] [ 93%] [32m[1mLinking CXX executable draw_square[0m
[28.707s] [ 93%] Built target mimic
[28.747s] [ 94%] [32mBuilding C object CMakeFiles/turtlesim__rosidl_typesupport_c__pyext.dir/rosidl_generator_py/turtlesim/_turtlesim_s.ep.rosidl_typesupport_c.c.o[0m
[28.926s] [ 95%] [32m[1mLinking C shared library rosidl_generator_py/turtlesim/turtlesim_s__rosidl_typesupport_introspection_c.cpython-310-x86_64-linux-gnu.so[0m
[29.006s] [ 95%] Built target turtlesim__rosidl_typesupport_introspection_c__pyext
[29.020s] [ 96%] [32mBuilding CXX object CMakeFiles/turtlesim_node.dir/src/turtle_frame.cpp.o[0m
[29.125s] [ 97%] [32m[1mLinking C shared library rosidl_generator_py/turtlesim/turtlesim_s__rosidl_typesupport_c.cpython-310-x86_64-linux-gnu.so[0m
[29.206s] [ 97%] Built target turtlesim__rosidl_typesupport_c__pyext
[29.220s] [ 98%] [32mBuilding CXX object CMakeFiles/turtlesim_node.dir/include/turtlesim/moc_turtle_frame.cpp.o[0m
[29.659s] [ 98%] Built target draw_square
[43.384s] [100%] [32m[1mLinking CXX executable turtlesim_node[0m
[45.897s] [100%] Built target turtlesim_node
[45.909s] Invoked command in '/home/frigi/dev_ws/test/build/turtlesim' returned '0': CMAKE_PREFIX_PATH=/opt/ros/humble /usr/bin/cmake --build /home/frigi/dev_ws/test/build/turtlesim -- -j4 -l4
[46.100s] Invoking command in '/home/frigi/dev_ws/test/build/turtlesim': CMAKE_PREFIX_PATH=/opt/ros/humble /usr/bin/cmake --install /home/frigi/dev_ws/test/build/turtlesim
[46.107s] -- Install configuration: ""
[46.107s] -- Installing: /home/frigi/dev_ws/test/install/turtlesim/share/ament_index/resource_index/rosidl_interfaces/turtlesim
[46.108s] -- Installing: /home/frigi/dev_ws/test/install/turtlesim/include/turtlesim/turtlesim
[46.108s] -- Installing: /home/frigi/dev_ws/test/install/turtlesim/include/turtlesim/turtlesim/msg
[46.108s] -- Installing: /home/frigi/dev_ws/test/install/turtlesim/include/turtlesim/turtlesim/msg/pose.h
[46.108s] -- Installing: /home/frigi/dev_ws/test/install/turtlesim/include/turtlesim/turtlesim/msg/detail
[46.108s] -- Installing: /home/frigi/dev_ws/test/install/turtlesim/include/turtlesim/turtlesim/msg/detail/color__type_support.h
[46.108s] -- Installing: /home/frigi/dev_ws/test/install/turtlesim/include/turtlesim/turtlesim/msg/detail/pose__struct.h
[46.109s] -- Installing: /home/frigi/dev_ws/test/install/turtlesim/include/turtlesim/turtlesim/msg/detail/color__functions.c
[46.109s] -- Installing: /home/frigi/dev_ws/test/install/turtlesim/include/turtlesim/turtlesim/msg/detail/pose__functions.h
[46.109s] -- Installing: /home/frigi/dev_ws/test/install/turtlesim/include/turtlesim/turtlesim/msg/detail/pose__functions.c
[46.109s] -- Installing: /home/frigi/dev_ws/test/install/turtlesim/include/turtlesim/turtlesim/msg/detail/pose__type_support.h
[46.109s] -- Installing: /home/frigi/dev_ws/test/install/turtlesim/include/turtlesim/turtlesim/msg/detail/color__functions.h
[46.110s] -- Installing: /home/frigi/dev_ws/test/install/turtlesim/include/turtlesim/turtlesim/msg/detail/color__struct.h
[46.110s] -- Installing: /home/frigi/dev_ws/test/install/turtlesim/include/turtlesim/turtlesim/msg/rosidl_generator_c__visibility_control.h
[46.110s] -- Installing: /home/frigi/dev_ws/test/install/turtlesim/include/turtlesim/turtlesim/msg/color.h
[46.110s] -- Installing: /home/frigi/dev_ws/test/install/turtlesim/include/turtlesim/turtlesim/srv
[46.110s] -- Installing: /home/frigi/dev_ws/test/install/turtlesim/include/turtlesim/turtlesim/srv/set_pen.h
[46.110s] -- Installing: /home/frigi/dev_ws/test/install/turtlesim/include/turtlesim/turtlesim/srv/spawn.h
[46.111s] -- Installing: /home/frigi/dev_ws/test/install/turtlesim/include/turtlesim/turtlesim/srv/kill.h
[46.111s] -- Installing: /home/frigi/dev_ws/test/install/turtlesim/include/turtlesim/turtlesim/srv/detail
[46.111s] -- Installing: /home/frigi/dev_ws/test/install/turtlesim/include/turtlesim/turtlesim/srv/detail/set_pen__type_support.h
[46.111s] -- Installing: /home/frigi/dev_ws/test/install/turtlesim/include/turtlesim/turtlesim/srv/detail/spawn__functions.c
[46.111s] -- Installing: /home/frigi/dev_ws/test/install/turtlesim/include/turtlesim/turtlesim/srv/detail/set_pen__functions.c
[46.111s] -- Installing: /home/frigi/dev_ws/test/install/turtlesim/include/turtlesim/turtlesim/srv/detail/kill__struct.h
[46.111s] -- Installing: /home/frigi/dev_ws/test/install/turtlesim/include/turtlesim/turtlesim/srv/detail/teleport_absolute__struct.h
[46.112s] -- Installing: /home/frigi/dev_ws/test/install/turtlesim/include/turtlesim/turtlesim/srv/detail/set_pen__struct.h
[46.112s] -- Installing: /home/frigi/dev_ws/test/install/turtlesim/include/turtlesim/turtlesim/srv/detail/teleport_relative__functions.h
[46.112s] -- Installing: /home/frigi/dev_ws/test/install/turtlesim/include/turtlesim/turtlesim/srv/detail/kill__functions.h
[46.112s] -- Installing: /home/frigi/dev_ws/test/install/turtlesim/include/turtlesim/turtlesim/srv/detail/teleport_relative__struct.h
[46.112s] -- Installing: /home/frigi/dev_ws/test/install/turtlesim/include/turtlesim/turtlesim/srv/detail/teleport_relative__type_support.h
[46.112s] -- Installing: /home/frigi/dev_ws/test/install/turtlesim/include/turtlesim/turtlesim/srv/detail/teleport_relative__functions.c
[46.113s] -- Installing: /home/frigi/dev_ws/test/install/turtlesim/include/turtlesim/turtlesim/srv/detail/teleport_absolute__functions.c
[46.113s] -- Installing: /home/frigi/dev_ws/test/install/turtlesim/include/turtlesim/turtlesim/srv/detail/spawn__type_support.h
[46.113s] -- Installing: /home/frigi/dev_ws/test/install/turtlesim/include/turtlesim/turtlesim/srv/detail/set_pen__functions.h
[46.113s] -- Installing: /home/frigi/dev_ws/test/install/turtlesim/include/turtlesim/turtlesim/srv/detail/spawn__functions.h
[46.113s] -- Installing: /home/frigi/dev_ws/test/install/turtlesim/include/turtlesim/turtlesim/srv/detail/kill__type_support.h
[46.113s] -- Installing: /home/frigi/dev_ws/test/install/turtlesim/include/turtlesim/turtlesim/srv/detail/teleport_absolute__functions.h
[46.114s] -- Installing: /home/frigi/dev_ws/test/install/turtlesim/include/turtlesim/turtlesim/srv/detail/teleport_absolute__type_support.h
[46.114s] -- Installing: /home/frigi/dev_ws/test/install/turtlesim/include/turtlesim/turtlesim/srv/detail/kill__functions.c
[46.114s] -- Installing: /home/frigi/dev_ws/test/install/turtlesim/include/turtlesim/turtlesim/srv/detail/spawn__struct.h
[46.114s] -- Installing: /home/frigi/dev_ws/test/install/turtlesim/include/turtlesim/turtlesim/srv/teleport_relative.h
[46.114s] -- Installing: /home/frigi/dev_ws/test/install/turtlesim/include/turtlesim/turtlesim/srv/teleport_absolute.h
[46.114s] -- Installing: /home/frigi/dev_ws/test/install/turtlesim/include/turtlesim/turtlesim/action
[46.114s] -- Installing: /home/frigi/dev_ws/test/install/turtlesim/include/turtlesim/turtlesim/action/detail
[46.114s] -- Installing: /home/frigi/dev_ws/test/install/turtlesim/include/turtlesim/turtlesim/action/detail/rotate_absolute__functions.c
[46.115s] -- Installing: /home/frigi/dev_ws/test/install/turtlesim/include/turtlesim/turtlesim/action/detail/rotate_absolute__functions.h
[46.115s] -- Installing: /home/frigi/dev_ws/test/install/turtlesim/include/turtlesim/turtlesim/action/detail/rotate_absolute__type_support.h
[46.115s] -- Installing: /home/frigi/dev_ws/test/install/turtlesim/include/turtlesim/turtlesim/action/detail/rotate_absolute__struct.h
[46.115s] -- Installing: /home/frigi/dev_ws/test/install/turtlesim/include/turtlesim/turtlesim/action/rotate_absolute.h
[46.115s] -- Installing: /home/frigi/dev_ws/test/install/turtlesim/share/turtlesim/environment/library_path.sh
[46.115s] -- Installing: /home/frigi/dev_ws/test/install/turtlesim/share/turtlesim/environment/library_path.dsv
[46.115s] -- Installing: /home/frigi/dev_ws/test/install/turtlesim/lib/libturtlesim__rosidl_generator_c.so
[46.116s] -- Set runtime path of "/home/frigi/dev_ws/test/install/turtlesim/lib/libturtlesim__rosidl_generator_c.so" to ""
[46.116s] -- Up-to-date: /home/frigi/dev_ws/test/install/turtlesim/include/turtlesim/turtlesim
[46.116s] -- Up-to-date: /home/frigi/dev_ws/test/install/turtlesim/include/turtlesim/turtlesim/msg
[46.117s] -- Up-to-date: /home/frigi/dev_ws/test/install/turtlesim/include/turtlesim/turtlesim/msg/detail
[46.117s] -- Installing: /home/frigi/dev_ws/test/install/turtlesim/include/turtlesim/turtlesim/msg/detail/color__rosidl_typesupport_fastrtps_c.h
[46.117s] -- Installing: /home/frigi/dev_ws/test/install/turtlesim/include/turtlesim/turtlesim/msg/detail/pose__rosidl_typesupport_fastrtps_c.h
[46.117s] -- Installing: /home/frigi/dev_ws/test/install/turtlesim/include/turtlesim/turtlesim/msg/rosidl_typesupport_fastrtps_c__visibility_control.h
[46.117s] -- Up-to-date: /home/frigi/dev_ws/test/install/turtlesim/include/turtlesim/turtlesim/srv
[46.117s] -- Up-to-date: /home/frigi/dev_ws/test/install/turtlesim/include/turtlesim/turtlesim/srv/detail
[46.118s] -- Installing: /home/frigi/dev_ws/test/install/turtlesim/include/turtlesim/turtlesim/srv/detail/spawn__rosidl_typesupport_fastrtps_c.h
[46.118s] -- Installing: /home/frigi/dev_ws/test/install/turtlesim/include/turtlesim/turtlesim/srv/detail/teleport_relative__rosidl_typesupport_fastrtps_c.h
[46.118s] -- Installing: /home/frigi/dev_ws/test/install/turtlesim/include/turtlesim/turtlesim/srv/detail/set_pen__rosidl_typesupport_fastrtps_c.h
[46.118s] -- Installing: /home/frigi/dev_ws/test/install/turtlesim/include/turtlesim/turtlesim/srv/detail/kill__rosidl_typesupport_fastrtps_c.h
[46.118s] -- Installing: /home/frigi/dev_ws/test/install/turtlesim/include/turtlesim/turtlesim/srv/detail/teleport_absolute__rosidl_typesupport_fastrtps_c.h
[46.118s] -- Up-to-date: /home/frigi/dev_ws/test/install/turtlesim/include/turtlesim/turtlesim/action
[46.119s] -- Up-to-date: /home/frigi/dev_ws/test/install/turtlesim/include/turtlesim/turtlesim/action/detail
[46.119s] -- Installing: /home/frigi/dev_ws/test/install/turtlesim/include/turtlesim/turtlesim/action/detail/rotate_absolute__rosidl_typesupport_fastrtps_c.h
[46.119s] -- Installing: /home/frigi/dev_ws/test/install/turtlesim/lib/libturtlesim__rosidl_typesupport_fastrtps_c.so
[46.119s] -- Set runtime path of "/home/frigi/dev_ws/test/install/turtlesim/lib/libturtlesim__rosidl_typesupport_fastrtps_c.so" to ""
[46.119s] -- Up-to-date: /home/frigi/dev_ws/test/install/turtlesim/include/turtlesim/turtlesim
[46.119s] -- Up-to-date: /home/frigi/dev_ws/test/install/turtlesim/include/turtlesim/turtlesim/msg
[46.120s] -- Up-to-date: /home/frigi/dev_ws/test/install/turtlesim/include/turtlesim/turtlesim/msg/detail
[46.120s] -- Installing: /home/frigi/dev_ws/test/install/turtlesim/include/turtlesim/turtlesim/msg/detail/pose__struct.hpp
[46.120s] -- Installing: /home/frigi/dev_ws/test/install/turtlesim/include/turtlesim/turtlesim/msg/detail/pose__builder.hpp
[46.120s] -- Installing: /home/frigi/dev_ws/test/install/turtlesim/include/turtlesim/turtlesim/msg/detail/color__struct.hpp
[46.120s] -- Installing: /home/frigi/dev_ws/test/install/turtlesim/include/turtlesim/turtlesim/msg/detail/color__traits.hpp
[46.120s] -- Installing: /home/frigi/dev_ws/test/install/turtlesim/include/turtlesim/turtlesim/msg/detail/pose__traits.hpp
[46.121s] -- Installing: /home/frigi/dev_ws/test/install/turtlesim/include/turtlesim/turtlesim/msg/detail/color__builder.hpp
[46.121s] -- Installing: /home/frigi/dev_ws/test/install/turtlesim/include/turtlesim/turtlesim/msg/color.hpp
[46.121s] -- Installing: /home/frigi/dev_ws/test/install/turtlesim/include/turtlesim/turtlesim/msg/pose.hpp
[46.121s] -- Up-to-date: /home/frigi/dev_ws/test/install/turtlesim/include/turtlesim/turtlesim/srv
[46.121s] -- Installing: /home/frigi/dev_ws/test/install/turtlesim/include/turtlesim/turtlesim/srv/spawn.hpp
[46.121s] -- Installing: /home/frigi/dev_ws/test/install/turtlesim/include/turtlesim/turtlesim/srv/set_pen.hpp
[46.122s] -- Installing: /home/frigi/dev_ws/test/install/turtlesim/include/turtlesim/turtlesim/srv/kill.hpp
[46.122s] -- Installing: /home/frigi/dev_ws/test/install/turtlesim/include/turtlesim/turtlesim/srv/teleport_absolute.hpp
[46.122s] -- Up-to-date: /home/frigi/dev_ws/test/install/turtlesim/include/turtlesim/turtlesim/srv/detail
[46.122s] -- Installing: /home/frigi/dev_ws/test/install/turtlesim/include/turtlesim/turtlesim/srv/detail/teleport_absolute__struct.hpp
[46.122s] -- Installing: /home/frigi/dev_ws/test/install/turtlesim/include/turtlesim/turtlesim/srv/detail/set_pen__struct.hpp
[46.122s] -- Installing: /home/frigi/dev_ws/test/install/turtlesim/include/turtlesim/turtlesim/srv/detail/set_pen__traits.hpp
[46.123s] -- Installing: /home/frigi/dev_ws/test/install/turtlesim/include/turtlesim/turtlesim/srv/detail/spawn__builder.hpp
[46.123s] -- Installing: /home/frigi/dev_ws/test/install/turtlesim/include/turtlesim/turtlesim/srv/detail/kill__traits.hpp
[46.123s] -- Installing: /home/frigi/dev_ws/test/install/turtlesim/include/turtlesim/turtlesim/srv/detail/teleport_relative__builder.hpp
[46.123s] -- Installing: /home/frigi/dev_ws/test/install/turtlesim/include/turtlesim/turtlesim/srv/detail/teleport_relative__struct.hpp
[46.123s] -- Installing: /home/frigi/dev_ws/test/install/turtlesim/include/turtlesim/turtlesim/srv/detail/spawn__traits.hpp
[46.123s] -- Installing: /home/frigi/dev_ws/test/install/turtlesim/include/turtlesim/turtlesim/srv/detail/kill__builder.hpp
[46.124s] -- Installing: /home/frigi/dev_ws/test/install/turtlesim/include/turtlesim/turtlesim/srv/detail/set_pen__builder.hpp
[46.124s] -- Installing: /home/frigi/dev_ws/test/install/turtlesim/include/turtlesim/turtlesim/srv/detail/kill__struct.hpp
[46.124s] -- Installing: /home/frigi/dev_ws/test/install/turtlesim/include/turtlesim/turtlesim/srv/detail/spawn__struct.hpp
[46.124s] -- Installing: /home/frigi/dev_ws/test/install/turtlesim/include/turtlesim/turtlesim/srv/detail/teleport_absolute__traits.hpp
[46.124s] -- Installing: /home/frigi/dev_ws/test/install/turtlesim/include/turtlesim/turtlesim/srv/detail/teleport_absolute__builder.hpp
[46.124s] -- Installing: /home/frigi/dev_ws/test/install/turtlesim/include/turtlesim/turtlesim/srv/detail/teleport_relative__traits.hpp
[46.125s] -- Installing: /home/frigi/dev_ws/test/install/turtlesim/include/turtlesim/turtlesim/srv/teleport_relative.hpp
[46.125s] -- Up-to-date: /home/frigi/dev_ws/test/install/turtlesim/include/turtlesim/turtlesim/action
[46.125s] -- Installing: /home/frigi/dev_ws/test/install/turtlesim/include/turtlesim/turtlesim/action/rotate_absolute.hpp
[46.125s] -- Up-to-date: /home/frigi/dev_ws/test/install/turtlesim/include/turtlesim/turtlesim/action/detail
[46.125s] -- Installing: /home/frigi/dev_ws/test/install/turtlesim/include/turtlesim/turtlesim/action/detail/rotate_absolute__struct.hpp
[46.125s] -- Installing: /home/frigi/dev_ws/test/install/turtlesim/include/turtlesim/turtlesim/action/detail/rotate_absolute__builder.hpp
[46.126s] -- Installing: /home/frigi/dev_ws/test/install/turtlesim/include/turtlesim/turtlesim/action/detail/rotate_absolute__traits.hpp
[46.126s] -- Up-to-date: /home/frigi/dev_ws/test/install/turtlesim/include/turtlesim/turtlesim
[46.126s] -- Up-to-date: /home/frigi/dev_ws/test/install/turtlesim/include/turtlesim/turtlesim/msg
[46.126s] -- Up-to-date: /home/frigi/dev_ws/test/install/turtlesim/include/turtlesim/turtlesim/msg/detail
[46.126s] -- Installing: /home/frigi/dev_ws/test/install/turtlesim/include/turtlesim/turtlesim/msg/detail/dds_fastrtps
[46.126s] -- Installing: /home/frigi/dev_ws/test/install/turtlesim/include/turtlesim/turtlesim/msg/detail/color__rosidl_typesupport_fastrtps_cpp.hpp
[46.126s] -- Installing: /home/frigi/dev_ws/test/install/turtlesim/include/turtlesim/turtlesim/msg/detail/pose__rosidl_typesupport_fastrtps_cpp.hpp
[46.127s] -- Installing: /home/frigi/dev_ws/test/install/turtlesim/include/turtlesim/turtlesim/msg/rosidl_typesupport_fastrtps_cpp__visibility_control.h
[46.127s] -- Up-to-date: /home/frigi/dev_ws/test/install/turtlesim/include/turtlesim/turtlesim/srv
[46.127s] -- Up-to-date: /home/frigi/dev_ws/test/install/turtlesim/include/turtlesim/turtlesim/srv/detail
[46.127s] -- Installing: /home/frigi/dev_ws/test/install/turtlesim/include/turtlesim/turtlesim/srv/detail/dds_fastrtps
[46.127s] -- Installing: /home/frigi/dev_ws/test/install/turtlesim/include/turtlesim/turtlesim/srv/detail/kill__rosidl_typesupport_fastrtps_cpp.hpp
[46.127s] -- Installing: /home/frigi/dev_ws/test/install/turtlesim/include/turtlesim/turtlesim/srv/detail/teleport_relative__rosidl_typesupport_fastrtps_cpp.hpp
[46.127s] -- Installing: /home/frigi/dev_ws/test/install/turtlesim/include/turtlesim/turtlesim/srv/detail/teleport_absolute__rosidl_typesupport_fastrtps_cpp.hpp
[46.127s] -- Installing: /home/frigi/dev_ws/test/install/turtlesim/include/turtlesim/turtlesim/srv/detail/spawn__rosidl_typesupport_fastrtps_cpp.hpp
[46.127s] -- Installing: /home/frigi/dev_ws/test/install/turtlesim/include/turtlesim/turtlesim/srv/detail/set_pen__rosidl_typesupport_fastrtps_cpp.hpp
[46.127s] -- Up-to-date: /home/frigi/dev_ws/test/install/turtlesim/include/turtlesim/turtlesim/action
[46.128s] -- Up-to-date: /home/frigi/dev_ws/test/install/turtlesim/include/turtlesim/turtlesim/action/detail
[46.128s] -- Installing: /home/frigi/dev_ws/test/install/turtlesim/include/turtlesim/turtlesim/action/detail/dds_fastrtps
[46.128s] -- Installing: /home/frigi/dev_ws/test/install/turtlesim/include/turtlesim/turtlesim/action/detail/rotate_absolute__rosidl_typesupport_fastrtps_cpp.hpp
[46.128s] -- Installing: /home/frigi/dev_ws/test/install/turtlesim/lib/libturtlesim__rosidl_typesupport_fastrtps_cpp.so
[46.128s] -- Set runtime path of "/home/frigi/dev_ws/test/install/turtlesim/lib/libturtlesim__rosidl_typesupport_fastrtps_cpp.so" to ""
[46.129s] -- Up-to-date: /home/frigi/dev_ws/test/install/turtlesim/include/turtlesim/turtlesim
[46.129s] -- Up-to-date: /home/frigi/dev_ws/test/install/turtlesim/include/turtlesim/turtlesim/msg
[46.129s] -- Installing: /home/frigi/dev_ws/test/install/turtlesim/include/turtlesim/turtlesim/msg/rosidl_typesupport_introspection_c__visibility_control.h
[46.129s] -- Up-to-date: /home/frigi/dev_ws/test/install/turtlesim/include/turtlesim/turtlesim/msg/detail
[46.129s] -- Installing: /home/frigi/dev_ws/test/install/turtlesim/include/turtlesim/turtlesim/msg/detail/color__rosidl_typesupport_introspection_c.h
[46.129s] -- Installing: /home/frigi/dev_ws/test/install/turtlesim/include/turtlesim/turtlesim/msg/detail/pose__type_support.c
[46.129s] -- Installing: /home/frigi/dev_ws/test/install/turtlesim/include/turtlesim/turtlesim/msg/detail/pose__rosidl_typesupport_introspection_c.h
[46.130s] -- Installing: /home/frigi/dev_ws/test/install/turtlesim/include/turtlesim/turtlesim/msg/detail/color__type_support.c
[46.130s] -- Up-to-date: /home/frigi/dev_ws/test/install/turtlesim/include/turtlesim/turtlesim/srv
[46.130s] -- Up-to-date: /home/frigi/dev_ws/test/install/turtlesim/include/turtlesim/turtlesim/srv/detail
[46.130s] -- Installing: /home/frigi/dev_ws/test/install/turtlesim/include/turtlesim/turtlesim/srv/detail/teleport_absolute__rosidl_typesupport_introspection_c.h
[46.130s] -- Installing: /home/frigi/dev_ws/test/install/turtlesim/include/turtlesim/turtlesim/srv/detail/teleport_relative__rosidl_typesupport_introspection_c.h
[46.130s] -- Installing: /home/frigi/dev_ws/test/install/turtlesim/include/turtlesim/turtlesim/srv/detail/kill__type_support.c
[46.130s] -- Installing: /home/frigi/dev_ws/test/install/turtlesim/include/turtlesim/turtlesim/srv/detail/teleport_relative__type_support.c
[46.130s] -- Installing: /home/frigi/dev_ws/test/install/turtlesim/include/turtlesim/turtlesim/srv/detail/kill__rosidl_typesupport_introspection_c.h
[46.131s] -- Installing: /home/frigi/dev_ws/test/install/turtlesim/include/turtlesim/turtlesim/srv/detail/spawn__type_support.c
[46.131s] -- Installing: /home/frigi/dev_ws/test/install/turtlesim/include/turtlesim/turtlesim/srv/detail/teleport_absolute__type_support.c
[46.131s] -- Installing: /home/frigi/dev_ws/test/install/turtlesim/include/turtlesim/turtlesim/srv/detail/spawn__rosidl_typesupport_introspection_c.h
[46.131s] -- Installing: /home/frigi/dev_ws/test/install/turtlesim/include/turtlesim/turtlesim/srv/detail/set_pen__rosidl_typesupport_introspection_c.h
[46.131s] -- Installing: /home/frigi/dev_ws/test/install/turtlesim/include/turtlesim/turtlesim/srv/detail/set_pen__type_support.c
[46.131s] -- Up-to-date: /home/frigi/dev_ws/test/install/turtlesim/include/turtlesim/turtlesim/action
[46.131s] -- Up-to-date: /home/frigi/dev_ws/test/install/turtlesim/include/turtlesim/turtlesim/action/detail
[46.131s] -- Installing: /home/frigi/dev_ws/test/install/turtlesim/include/turtlesim/turtlesim/action/detail/rotate_absolute__type_support.c
[46.131s] -- Installing: /home/frigi/dev_ws/test/install/turtlesim/include/turtlesim/turtlesim/action/detail/rotate_absolute__rosidl_typesupport_introspection_c.h
[46.132s] -- Installing: /home/frigi/dev_ws/test/install/turtlesim/lib/libturtlesim__rosidl_typesupport_introspection_c.so
[46.132s] -- Set runtime path of "/home/frigi/dev_ws/test/install/turtlesim/lib/libturtlesim__rosidl_typesupport_introspection_c.so" to ""
[46.132s] -- Installing: /home/frigi/dev_ws/test/install/turtlesim/lib/libturtlesim__rosidl_typesupport_c.so
[46.132s] -- Set runtime path of "/home/frigi/dev_ws/test/install/turtlesim/lib/libturtlesim__rosidl_typesupport_c.so" to ""
[46.132s] -- Up-to-date: /home/frigi/dev_ws/test/install/turtlesim/include/turtlesim/turtlesim
[46.132s] -- Up-to-date: /home/frigi/dev_ws/test/install/turtlesim/include/turtlesim/turtlesim/msg
[46.133s] -- Up-to-date: /home/frigi/dev_ws/test/install/turtlesim/include/turtlesim/turtlesim/msg/detail
[46.133s] -- Installing: /home/frigi/dev_ws/test/install/turtlesim/include/turtlesim/turtlesim/msg/detail/pose__type_support.cpp
[46.133s] -- Installing: /home/frigi/dev_ws/test/install/turtlesim/include/turtlesim/turtlesim/msg/detail/color__rosidl_typesupport_introspection_cpp.hpp
[46.133s] -- Installing: /home/frigi/dev_ws/test/install/turtlesim/include/turtlesim/turtlesim/msg/detail/color__type_support.cpp
[46.133s] -- Installing: /home/frigi/dev_ws/test/install/turtlesim/include/turtlesim/turtlesim/msg/detail/pose__rosidl_typesupport_introspection_cpp.hpp
[46.133s] -- Up-to-date: /home/frigi/dev_ws/test/install/turtlesim/include/turtlesim/turtlesim/srv
[46.133s] -- Up-to-date: /home/frigi/dev_ws/test/install/turtlesim/include/turtlesim/turtlesim/srv/detail
[46.134s] -- Installing: /home/frigi/dev_ws/test/install/turtlesim/include/turtlesim/turtlesim/srv/detail/teleport_relative__rosidl_typesupport_introspection_cpp.hpp
[46.134s] -- Installing: /home/frigi/dev_ws/test/install/turtlesim/include/turtlesim/turtlesim/srv/detail/set_pen__rosidl_typesupport_introspection_cpp.hpp
[46.134s] -- Installing: /home/frigi/dev_ws/test/install/turtlesim/include/turtlesim/turtlesim/srv/detail/teleport_absolute__type_support.cpp
[46.134s] -- Installing: /home/frigi/dev_ws/test/install/turtlesim/include/turtlesim/turtlesim/srv/detail/teleport_relative__type_support.cpp
[46.134s] -- Installing: /home/frigi/dev_ws/test/install/turtlesim/include/turtlesim/turtlesim/srv/detail/set_pen__type_support.cpp
[46.134s] -- Installing: /home/frigi/dev_ws/test/install/turtlesim/include/turtlesim/turtlesim/srv/detail/teleport_absolute__rosidl_typesupport_introspection_cpp.hpp
[46.135s] -- Installing: /home/frigi/dev_ws/test/install/turtlesim/include/turtlesim/turtlesim/srv/detail/spawn__rosidl_typesupport_introspection_cpp.hpp
[46.135s] -- Installing: /home/frigi/dev_ws/test/install/turtlesim/include/turtlesim/turtlesim/srv/detail/spawn__type_support.cpp
[46.135s] -- Installing: /home/frigi/dev_ws/test/install/turtlesim/include/turtlesim/turtlesim/srv/detail/kill__type_support.cpp
[46.135s] -- Installing: /home/frigi/dev_ws/test/install/turtlesim/include/turtlesim/turtlesim/srv/detail/kill__rosidl_typesupport_introspection_cpp.hpp
[46.135s] -- Up-to-date: /home/frigi/dev_ws/test/install/turtlesim/include/turtlesim/turtlesim/action
[46.135s] -- Up-to-date: /home/frigi/dev_ws/test/install/turtlesim/include/turtlesim/turtlesim/action/detail
[46.135s] -- Installing: /home/frigi/dev_ws/test/install/turtlesim/include/turtlesim/turtlesim/action/detail/rotate_absolute__type_support.cpp
[46.136s] -- Installing: /home/frigi/dev_ws/test/install/turtlesim/include/turtlesim/turtlesim/action/detail/rotate_absolute__rosidl_typesupport_introspection_cpp.hpp
[46.136s] -- Installing: /home/frigi/dev_ws/test/install/turtlesim/lib/libturtlesim__rosidl_typesupport_introspection_cpp.so
[46.136s] -- Set runtime path of "/home/frigi/dev_ws/test/install/turtlesim/lib/libturtlesim__rosidl_typesupport_introspection_cpp.so" to ""
[46.136s] -- Installing: /home/frigi/dev_ws/test/install/turtlesim/lib/libturtlesim__rosidl_typesupport_cpp.so
[46.137s] -- Set runtime path of "/home/frigi/dev_ws/test/install/turtlesim/lib/libturtlesim__rosidl_typesupport_cpp.so" to ""
[46.137s] -- Installing: /home/frigi/dev_ws/test/install/turtlesim/share/turtlesim/environment/pythonpath.sh
[46.137s] -- Installing: /home/frigi/dev_ws/test/install/turtlesim/share/turtlesim/environment/pythonpath.dsv
[46.137s] -- Installing: /home/frigi/dev_ws/test/install/turtlesim/local/lib/python3.10/dist-packages/turtlesim-1.4.1-py3.10.egg-info
[46.138s] -- Installing: /home/frigi/dev_ws/test/install/turtlesim/local/lib/python3.10/dist-packages/turtlesim-1.4.1-py3.10.egg-info/PKG-INFO
[46.138s] -- Installing: /home/frigi/dev_ws/test/install/turtlesim/local/lib/python3.10/dist-packages/turtlesim-1.4.1-py3.10.egg-info/SOURCES.txt
[46.138s] -- Installing: /home/frigi/dev_ws/test/install/turtlesim/local/lib/python3.10/dist-packages/turtlesim-1.4.1-py3.10.egg-info/top_level.txt
[46.138s] -- Installing: /home/frigi/dev_ws/test/install/turtlesim/local/lib/python3.10/dist-packages/turtlesim-1.4.1-py3.10.egg-info/dependency_links.txt
[46.138s] -- Installing: /home/frigi/dev_ws/test/install/turtlesim/local/lib/python3.10/dist-packages/turtlesim
[46.138s] -- Installing: /home/frigi/dev_ws/test/install/turtlesim/local/lib/python3.10/dist-packages/turtlesim/__init__.py
[46.139s] -- Installing: /home/frigi/dev_ws/test/install/turtlesim/local/lib/python3.10/dist-packages/turtlesim/msg
[46.139s] -- Installing: /home/frigi/dev_ws/test/install/turtlesim/local/lib/python3.10/dist-packages/turtlesim/msg/__init__.py
[46.139s] -- Installing: /home/frigi/dev_ws/test/install/turtlesim/local/lib/python3.10/dist-packages/turtlesim/msg/_color.py
[46.139s] -- Installing: /home/frigi/dev_ws/test/install/turtlesim/local/lib/python3.10/dist-packages/turtlesim/msg/_color_s.c
[46.139s] -- Installing: /home/frigi/dev_ws/test/install/turtlesim/local/lib/python3.10/dist-packages/turtlesim/msg/_pose.py
[46.139s] -- Installing: /home/frigi/dev_ws/test/install/turtlesim/local/lib/python3.10/dist-packages/turtlesim/msg/_pose_s.c
[46.140s] -- Installing: /home/frigi/dev_ws/test/install/turtlesim/local/lib/python3.10/dist-packages/turtlesim/_turtlesim_s.ep.rosidl_typesupport_fastrtps_c.c
[46.140s] -- Installing: /home/frigi/dev_ws/test/install/turtlesim/local/lib/python3.10/dist-packages/turtlesim/_turtlesim_s.ep.rosidl_typesupport_c.c
[46.140s] -- Installing: /home/frigi/dev_ws/test/install/turtlesim/local/lib/python3.10/dist-packages/turtlesim/_turtlesim_s.ep.rosidl_typesupport_introspection_c.c
[46.140s] -- Installing: /home/frigi/dev_ws/test/install/turtlesim/local/lib/python3.10/dist-packages/turtlesim/turtlesim_s__rosidl_typesupport_introspection_c.cpython-310-x86_64-linux-gnu.so
[46.141s] -- Installing: /home/frigi/dev_ws/test/install/turtlesim/local/lib/python3.10/dist-packages/turtlesim/libturtlesim__rosidl_generator_py.so
[46.141s] -- Installing: /home/frigi/dev_ws/test/install/turtlesim/local/lib/python3.10/dist-packages/turtlesim/turtlesim_s__rosidl_typesupport_c.cpython-310-x86_64-linux-gnu.so
[46.141s] -- Installing: /home/frigi/dev_ws/test/install/turtlesim/local/lib/python3.10/dist-packages/turtlesim/turtlesim_s__rosidl_typesupport_fastrtps_c.cpython-310-x86_64-linux-gnu.so
[46.141s] -- Installing: /home/frigi/dev_ws/test/install/turtlesim/local/lib/python3.10/dist-packages/turtlesim/srv
[46.142s] -- Installing: /home/frigi/dev_ws/test/install/turtlesim/local/lib/python3.10/dist-packages/turtlesim/srv/__init__.py
[46.142s] -- Installing: /home/frigi/dev_ws/test/install/turtlesim/local/lib/python3.10/dist-packages/turtlesim/srv/_spawn_s.c
[46.142s] -- Installing: /home/frigi/dev_ws/test/install/turtlesim/local/lib/python3.10/dist-packages/turtlesim/srv/_teleport_relative.py
[46.142s] -- Installing: /home/frigi/dev_ws/test/install/turtlesim/local/lib/python3.10/dist-packages/turtlesim/srv/_teleport_relative_s.c
[46.142s] -- Installing: /home/frigi/dev_ws/test/install/turtlesim/local/lib/python3.10/dist-packages/turtlesim/srv/_teleport_absolute.py
[46.142s] -- Installing: /home/frigi/dev_ws/test/install/turtlesim/local/lib/python3.10/dist-packages/turtlesim/srv/_kill.py
[46.143s] -- Installing: /home/frigi/dev_ws/test/install/turtlesim/local/lib/python3.10/dist-packages/turtlesim/srv/_spawn.py
[46.143s] -- Installing: /home/frigi/dev_ws/test/install/turtlesim/local/lib/python3.10/dist-packages/turtlesim/srv/_teleport_absolute_s.c
[46.143s] -- Installing: /home/frigi/dev_ws/test/install/turtlesim/local/lib/python3.10/dist-packages/turtlesim/srv/_kill_s.c
[46.143s] -- Installing: /home/frigi/dev_ws/test/install/turtlesim/local/lib/python3.10/dist-packages/turtlesim/srv/_set_pen_s.c
[46.143s] -- Installing: /home/frigi/dev_ws/test/install/turtlesim/local/lib/python3.10/dist-packages/turtlesim/srv/_set_pen.py
[46.143s] -- Installing: /home/frigi/dev_ws/test/install/turtlesim/local/lib/python3.10/dist-packages/turtlesim/action
[46.144s] -- Installing: /home/frigi/dev_ws/test/install/turtlesim/local/lib/python3.10/dist-packages/turtlesim/action/__init__.py
[46.144s] -- Installing: /home/frigi/dev_ws/test/install/turtlesim/local/lib/python3.10/dist-packages/turtlesim/action/_rotate_absolute_s.c
[46.144s] -- Installing: /home/frigi/dev_ws/test/install/turtlesim/local/lib/python3.10/dist-packages/turtlesim/action/_rotate_absolute.py
[46.195s] Listing '/home/frigi/dev_ws/test/install/turtlesim/local/lib/python3.10/dist-packages/turtlesim'...
[46.196s] Compiling '/home/frigi/dev_ws/test/install/turtlesim/local/lib/python3.10/dist-packages/turtlesim/__init__.py'...
[46.196s] Listing '/home/frigi/dev_ws/test/install/turtlesim/local/lib/python3.10/dist-packages/turtlesim/action'...
[46.196s] Compiling '/home/frigi/dev_ws/test/install/turtlesim/local/lib/python3.10/dist-packages/turtlesim/action/__init__.py'...
[46.196s] Compiling '/home/frigi/dev_ws/test/install/turtlesim/local/lib/python3.10/dist-packages/turtlesim/action/_rotate_absolute.py'...
[46.196s] Listing '/home/frigi/dev_ws/test/install/turtlesim/local/lib/python3.10/dist-packages/turtlesim/msg'...
[46.196s] Compiling '/home/frigi/dev_ws/test/install/turtlesim/local/lib/python3.10/dist-packages/turtlesim/msg/__init__.py'...
[46.196s] Compiling '/home/frigi/dev_ws/test/install/turtlesim/local/lib/python3.10/dist-packages/turtlesim/msg/_color.py'...
[46.196s] Compiling '/home/frigi/dev_ws/test/install/turtlesim/local/lib/python3.10/dist-packages/turtlesim/msg/_pose.py'...
[46.196s] Listing '/home/frigi/dev_ws/test/install/turtlesim/local/lib/python3.10/dist-packages/turtlesim/srv'...
[46.196s] Compiling '/home/frigi/dev_ws/test/install/turtlesim/local/lib/python3.10/dist-packages/turtlesim/srv/__init__.py'...
[46.196s] Compiling '/home/frigi/dev_ws/test/install/turtlesim/local/lib/python3.10/dist-packages/turtlesim/srv/_kill.py'...
[46.196s] Compiling '/home/frigi/dev_ws/test/install/turtlesim/local/lib/python3.10/dist-packages/turtlesim/srv/_set_pen.py'...
[46.196s] Compiling '/home/frigi/dev_ws/test/install/turtlesim/local/lib/python3.10/dist-packages/turtlesim/srv/_spawn.py'...
[46.196s] Compiling '/home/frigi/dev_ws/test/install/turtlesim/local/lib/python3.10/dist-packages/turtlesim/srv/_teleport_absolute.py'...
[46.196s] Compiling '/home/frigi/dev_ws/test/install/turtlesim/local/lib/python3.10/dist-packages/turtlesim/srv/_teleport_relative.py'...
[46.200s] -- Installing: /home/frigi/dev_ws/test/install/turtlesim/local/lib/python3.10/dist-packages/turtlesim/turtlesim_s__rosidl_typesupport_fastrtps_c.cpython-310-x86_64-linux-gnu.so
[46.201s] -- Set runtime path of "/home/frigi/dev_ws/test/install/turtlesim/local/lib/python3.10/dist-packages/turtlesim/turtlesim_s__rosidl_typesupport_fastrtps_c.cpython-310-x86_64-linux-gnu.so" to ""
[46.201s] -- Installing: /home/frigi/dev_ws/test/install/turtlesim/local/lib/python3.10/dist-packages/turtlesim/turtlesim_s__rosidl_typesupport_introspection_c.cpython-310-x86_64-linux-gnu.so
[46.202s] -- Set runtime path of "/home/frigi/dev_ws/test/install/turtlesim/local/lib/python3.10/dist-packages/turtlesim/turtlesim_s__rosidl_typesupport_introspection_c.cpython-310-x86_64-linux-gnu.so" to ""
[46.202s] -- Installing: /home/frigi/dev_ws/test/install/turtlesim/local/lib/python3.10/dist-packages/turtlesim/turtlesim_s__rosidl_typesupport_c.cpython-310-x86_64-linux-gnu.so
[46.202s] -- Set runtime path of "/home/frigi/dev_ws/test/install/turtlesim/local/lib/python3.10/dist-packages/turtlesim/turtlesim_s__rosidl_typesupport_c.cpython-310-x86_64-linux-gnu.so" to ""
[46.203s] -- Installing: /home/frigi/dev_ws/test/install/turtlesim/lib/libturtlesim__rosidl_generator_py.so
[46.203s] -- Set runtime path of "/home/frigi/dev_ws/test/install/turtlesim/lib/libturtlesim__rosidl_generator_py.so" to ""
[46.203s] -- Installing: /home/frigi/dev_ws/test/install/turtlesim/share/turtlesim/action/RotateAbsolute.idl
[46.204s] -- Installing: /home/frigi/dev_ws/test/install/turtlesim/share/turtlesim/msg/Color.idl
[46.204s] -- Installing: /home/frigi/dev_ws/test/install/turtlesim/share/turtlesim/msg/Pose.idl
[46.204s] -- Installing: /home/frigi/dev_ws/test/install/turtlesim/share/turtlesim/srv/Kill.idl
[46.204s] -- Installing: /home/frigi/dev_ws/test/install/turtlesim/share/turtlesim/srv/SetPen.idl
[46.204s] -- Installing: /home/frigi/dev_ws/test/install/turtlesim/share/turtlesim/srv/Spawn.idl
[46.205s] -- Installing: /home/frigi/dev_ws/test/install/turtlesim/share/turtlesim/srv/TeleportAbsolute.idl
[46.205s] -- Installing: /home/frigi/dev_ws/test/install/turtlesim/share/turtlesim/srv/TeleportRelative.idl
[46.205s] -- Installing: /home/frigi/dev_ws/test/install/turtlesim/share/turtlesim/action/RotateAbsolute.action
[46.205s] -- Installing: /home/frigi/dev_ws/test/install/turtlesim/share/turtlesim/msg/Color.msg
[46.205s] -- Installing: /home/frigi/dev_ws/test/install/turtlesim/share/turtlesim/msg/Pose.msg
[46.205s] -- Installing: /home/frigi/dev_ws/test/install/turtlesim/share/turtlesim/srv/Kill.srv
[46.206s] -- Installing: /home/frigi/dev_ws/test/install/turtlesim/share/turtlesim/srv/Kill_Request.msg
[46.206s] -- Installing: /home/frigi/dev_ws/test/install/turtlesim/share/turtlesim/srv/Kill_Response.msg
[46.206s] -- Installing: /home/frigi/dev_ws/test/install/turtlesim/share/turtlesim/srv/SetPen.srv
[46.206s] -- Installing: /home/frigi/dev_ws/test/install/turtlesim/share/turtlesim/srv/SetPen_Request.msg
[46.206s] -- Installing: /home/frigi/dev_ws/test/install/turtlesim/share/turtlesim/srv/SetPen_Response.msg
[46.206s] -- Installing: /home/frigi/dev_ws/test/install/turtlesim/share/turtlesim/srv/Spawn.srv
[46.207s] -- Installing: /home/frigi/dev_ws/test/install/turtlesim/share/turtlesim/srv/Spawn_Request.msg
[46.207s] -- Installing: /home/frigi/dev_ws/test/install/turtlesim/share/turtlesim/srv/Spawn_Response.msg
[46.207s] -- Installing: /home/frigi/dev_ws/test/install/turtlesim/share/turtlesim/srv/TeleportAbsolute.srv
[46.207s] -- Installing: /home/frigi/dev_ws/test/install/turtlesim/share/turtlesim/srv/TeleportAbsolute_Request.msg
[46.207s] -- Installing: /home/frigi/dev_ws/test/install/turtlesim/share/turtlesim/srv/TeleportAbsolute_Response.msg
[46.207s] -- Installing: /home/frigi/dev_ws/test/install/turtlesim/share/turtlesim/srv/TeleportRelative.srv
[46.208s] -- Installing: /home/frigi/dev_ws/test/install/turtlesim/share/turtlesim/srv/TeleportRelative_Request.msg
[46.208s] -- Installing: /home/frigi/dev_ws/test/install/turtlesim/share/turtlesim/srv/TeleportRelative_Response.msg
[46.208s] -- Installing: /home/frigi/dev_ws/test/install/turtlesim/lib/turtlesim/turtlesim_node
[46.224s] -- Set runtime path of "/home/frigi/dev_ws/test/install/turtlesim/lib/turtlesim/turtlesim_node" to ""
[46.224s] -- Installing: /home/frigi/dev_ws/test/install/turtlesim/lib/turtlesim/turtle_teleop_key
[46.227s] -- Set runtime path of "/home/frigi/dev_ws/test/install/turtlesim/lib/turtlesim/turtle_teleop_key" to ""
[46.227s] -- Installing: /home/frigi/dev_ws/test/install/turtlesim/lib/turtlesim/draw_square
[46.232s] -- Set runtime path of "/home/frigi/dev_ws/test/install/turtlesim/lib/turtlesim/draw_square" to ""
[46.233s] -- Installing: /home/frigi/dev_ws/test/install/turtlesim/lib/turtlesim/mimic
[46.238s] -- Set runtime path of "/home/frigi/dev_ws/test/install/turtlesim/lib/turtlesim/mimic" to ""
[46.239s] -- Installing: /home/frigi/dev_ws/test/install/turtlesim/share/turtlesim/images
[46.239s] -- Installing: /home/frigi/dev_ws/test/install/turtlesim/share/turtlesim/images/bouncy.png
[46.239s] -- Installing: /home/frigi/dev_ws/test/install/turtlesim/share/turtlesim/images/foxy.png
[46.239s] -- Installing: /home/frigi/dev_ws/test/install/turtlesim/share/turtlesim/images/galactic.png
[46.239s] -- Installing: /home/frigi/dev_ws/test/install/turtlesim/share/turtlesim/images/dashing.png
[46.239s] -- Installing: /home/frigi/dev_ws/test/install/turtlesim/share/turtlesim/images/rolling.png
[46.240s] -- Installing: /home/frigi/dev_ws/test/install/turtlesim/share/turtlesim/images/crystal.png
[46.240s] -- Installing: /home/frigi/dev_ws/test/install/turtlesim/share/turtlesim/images/humble.png
[46.240s] -- Installing: /home/frigi/dev_ws/test/install/turtlesim/share/turtlesim/images/eloquent.png
[46.240s] -- Installing: /home/frigi/dev_ws/test/install/turtlesim/share/turtlesim/images/ardent.png
[46.240s] -- Installing: /home/frigi/dev_ws/test/install/turtlesim/share/turtlesim/launch
[46.240s] -- Installing: /home/frigi/dev_ws/test/install/turtlesim/share/turtlesim/launch/multisim.launch.py
[46.241s] -- Installing: /home/frigi/dev_ws/test/install/turtlesim/share/ament_index/resource_index/package_run_dependencies/turtlesim
[46.241s] -- Installing: /home/frigi/dev_ws/test/install/turtlesim/share/ament_index/resource_index/parent_prefix_path/turtlesim
[46.241s] -- Installing: /home/frigi/dev_ws/test/install/turtlesim/share/turtlesim/environment/ament_prefix_path.sh
[46.241s] -- Installing: /home/frigi/dev_ws/test/install/turtlesim/share/turtlesim/environment/ament_prefix_path.dsv
[46.241s] -- Installing: /home/frigi/dev_ws/test/install/turtlesim/share/turtlesim/environment/path.sh
[46.241s] -- Installing: /home/frigi/dev_ws/test/install/turtlesim/share/turtlesim/environment/path.dsv
[46.241s] -- Installing: /home/frigi/dev_ws/test/install/turtlesim/share/turtlesim/local_setup.bash
[46.242s] -- Installing: /home/frigi/dev_ws/test/install/turtlesim/share/turtlesim/local_setup.sh
[46.242s] -- Installing: /home/frigi/dev_ws/test/install/turtlesim/share/turtlesim/local_setup.zsh
[46.242s] -- Installing: /home/frigi/dev_ws/test/install/turtlesim/share/turtlesim/local_setup.dsv
[46.242s] -- Installing: /home/frigi/dev_ws/test/install/turtlesim/share/turtlesim/package.dsv
[46.242s] -- Installing: /home/frigi/dev_ws/test/install/turtlesim/share/ament_index/resource_index/packages/turtlesim
[46.243s] -- Installing: /home/frigi/dev_ws/test/install/turtlesim/share/turtlesim/cmake/export_turtlesim__rosidl_generator_cExport.cmake
[46.243s] -- Installing: /home/frigi/dev_ws/test/install/turtlesim/share/turtlesim/cmake/export_turtlesim__rosidl_generator_cExport-noconfig.cmake
[46.243s] -- Installing: /home/frigi/dev_ws/test/install/turtlesim/share/turtlesim/cmake/export_turtlesim__rosidl_typesupport_fastrtps_cExport.cmake
[46.243s] -- Installing: /home/frigi/dev_ws/test/install/turtlesim/share/turtlesim/cmake/export_turtlesim__rosidl_typesupport_fastrtps_cExport-noconfig.cmake
[46.243s] -- Installing: /home/frigi/dev_ws/test/install/turtlesim/share/turtlesim/cmake/export_turtlesim__rosidl_generator_cppExport.cmake
[46.243s] -- Installing: /home/frigi/dev_ws/test/install/turtlesim/share/turtlesim/cmake/export_turtlesim__rosidl_typesupport_fastrtps_cppExport.cmake
[46.244s] -- Installing: /home/frigi/dev_ws/test/install/turtlesim/share/turtlesim/cmake/export_turtlesim__rosidl_typesupport_fastrtps_cppExport-noconfig.cmake
[46.244s] -- Installing: /home/frigi/dev_ws/test/install/turtlesim/share/turtlesim/cmake/turtlesim__rosidl_typesupport_introspection_cExport.cmake
[46.244s] -- Installing: /home/frigi/dev_ws/test/install/turtlesim/share/turtlesim/cmake/turtlesim__rosidl_typesupport_introspection_cExport-noconfig.cmake
[46.244s] -- Installing: /home/frigi/dev_ws/test/install/turtlesim/share/turtlesim/cmake/turtlesim__rosidl_typesupport_cExport.cmake
[46.244s] -- Installing: /home/frigi/dev_ws/test/install/turtlesim/share/turtlesim/cmake/turtlesim__rosidl_typesupport_cExport-noconfig.cmake
[46.245s] -- Installing: /home/frigi/dev_ws/test/install/turtlesim/share/turtlesim/cmake/turtlesim__rosidl_typesupport_introspection_cppExport.cmake
[46.245s] -- Installing: /home/frigi/dev_ws/test/install/turtlesim/share/turtlesim/cmake/turtlesim__rosidl_typesupport_introspection_cppExport-noconfig.cmake
[46.245s] -- Installing: /home/frigi/dev_ws/test/install/turtlesim/share/turtlesim/cmake/turtlesim__rosidl_typesupport_cppExport.cmake
[46.245s] -- Installing: /home/frigi/dev_ws/test/install/turtlesim/share/turtlesim/cmake/turtlesim__rosidl_typesupport_cppExport-noconfig.cmake
[46.245s] -- Installing: /home/frigi/dev_ws/test/install/turtlesim/share/turtlesim/cmake/export_turtlesim__rosidl_generator_pyExport.cmake
[46.246s] -- Installing: /home/frigi/dev_ws/test/install/turtlesim/share/turtlesim/cmake/export_turtlesim__rosidl_generator_pyExport-noconfig.cmake
[46.246s] -- Installing: /home/frigi/dev_ws/test/install/turtlesim/share/turtlesim/cmake/rosidl_cmake-extras.cmake
[46.246s] -- Installing: /home/frigi/dev_ws/test/install/turtlesim/share/turtlesim/cmake/ament_cmake_export_dependencies-extras.cmake
[46.246s] -- Installing: /home/frigi/dev_ws/test/install/turtlesim/share/turtlesim/cmake/ament_cmake_export_include_directories-extras.cmake
[46.246s] -- Installing: /home/frigi/dev_ws/test/install/turtlesim/share/turtlesim/cmake/ament_cmake_export_libraries-extras.cmake
[46.247s] -- Installing: /home/frigi/dev_ws/test/install/turtlesim/share/turtlesim/cmake/ament_cmake_export_targets-extras.cmake
[46.247s] -- Installing: /home/frigi/dev_ws/test/install/turtlesim/share/turtlesim/cmake/rosidl_cmake_export_typesupport_targets-extras.cmake
[46.247s] -- Installing: /home/frigi/dev_ws/test/install/turtlesim/share/turtlesim/cmake/rosidl_cmake_export_typesupport_libraries-extras.cmake
[46.247s] -- Installing: /home/frigi/dev_ws/test/install/turtlesim/share/turtlesim/cmake/turtlesimConfig.cmake
[46.247s] -- Installing: /home/frigi/dev_ws/test/install/turtlesim/share/turtlesim/cmake/turtlesimConfig-version.cmake
[46.247s] -- Installing: /home/frigi/dev_ws/test/install/turtlesim/share/turtlesim/package.xml
[46.251s] Invoked command in '/home/frigi/dev_ws/test/build/turtlesim' returned '0': CMAKE_PREFIX_PATH=/opt/ros/humble /usr/bin/cmake --install /home/frigi/dev_ws/test/build/turtlesim
