[0.022s] Invoking command in '/home/frigi/dev_ws/test/build/cpp_pubsub': CMAKE_PREFIX_PATH=${CMAKE_PREFIX_PATH}:/opt/ros/humble /usr/bin/cmake /home/frigi/dev_ws/test/src/cpp_pubsub -DCMAKE_INSTALL_PREFIX=/home/frigi/dev_ws/test/install/cpp_pubsub
[0.101s] -- The C compiler identification is GNU 11.2.0
[0.223s] -- The CXX compiler identification is GNU 11.2.0
[0.249s] -- Detecting C compiler ABI info
[0.385s] -- Detecting C compiler ABI info - done
[0.403s] -- Check for working C compiler: /usr/bin/cc - skipped
[0.404s] -- Detecting C compile features
[0.405s] -- Detecting C compile features - done
[0.411s] -- Detecting CXX compiler ABI info
[0.556s] -- Detecting CXX compiler ABI info - done
[0.569s] -- Check for working CXX compiler: /usr/bin/c++ - skipped
[0.569s] -- Detecting CXX compile features
[0.570s] -- Detecting CXX compile features - done
[0.574s] -- Found ament_cmake: 1.3.2 (/opt/ros/humble/share/ament_cmake/cmake)
[0.772s] -- Found Python3: /usr/bin/python3.10 (found version "3.10.6") found components: Interpreter 
[0.867s] -- Found ament_lint_auto: 0.12.4 (/opt/ros/humble/share/ament_lint_auto/cmake)
[0.875s] -- Found rclcpp: 16.0.1 (/opt/ros/humble/share/rclcpp/cmake)
[0.950s] -- Found rosidl_generator_c: 3.1.3 (/opt/ros/humble/share/rosidl_generator_c/cmake)
[0.953s] -- Found rosidl_adapter: 3.1.3 (/opt/ros/humble/share/rosidl_adapter/cmake)
[0.963s] -- Found rosidl_generator_cpp: 3.1.3 (/opt/ros/humble/share/rosidl_generator_cpp/cmake)
[0.979s] -- Using all available rosidl_typesupport_c: rosidl_typesupport_fastrtps_c;rosidl_typesupport_introspection_c
[1.002s] -- Using all available rosidl_typesupport_cpp: rosidl_typesupport_fastrtps_cpp;rosidl_typesupport_introspection_cpp
[1.099s] -- Found rmw_implementation_cmake: 6.1.0 (/opt/ros/humble/share/rmw_implementation_cmake/cmake)
[1.102s] -- Found rmw_fastrtps_cpp: 6.2.1 (/opt/ros/humble/share/rmw_fastrtps_cpp/cmake)
[1.206s] -- Found OpenSSL: /usr/lib/x86_64-linux-gnu/libcrypto.so (found version "3.0.2")  
[1.234s] -- Found FastRTPS: /opt/ros/humble/include  
[1.286s] -- Using RMW implementation 'rmw_fastrtps_cpp' as default
[1.533s] -- Added test 'cppcheck' to perform static code analysis on C / C++ code
[1.534s] -- Configured cppcheck include dirs: 
[1.534s] -- Configured cppcheck exclude dirs and/or files: 
[1.535s] -- Added test 'lint_cmake' to check CMake code style
[1.536s] -- Added test 'uncrustify' to check C / C++ code style
[1.536s] -- Configured uncrustify additional arguments: 
[1.537s] -- Added test 'xmllint' to check XML markup files
[1.539s] -- Configuring done
[1.553s] -- Generating done
[1.555s] -- Build files have been written to: /home/frigi/dev_ws/test/build/cpp_pubsub
[1.567s] Invoked command in '/home/frigi/dev_ws/test/build/cpp_pubsub' returned '0': CMAKE_PREFIX_PATH=${CMAKE_PREFIX_PATH}:/opt/ros/humble /usr/bin/cmake /home/frigi/dev_ws/test/src/cpp_pubsub -DCMAKE_INSTALL_PREFIX=/home/frigi/dev_ws/test/install/cpp_pubsub
[1.569s] Invoking command in '/home/frigi/dev_ws/test/build/cpp_pubsub': CMAKE_PREFIX_PATH=${CMAKE_PREFIX_PATH}:/opt/ros/humble /usr/bin/cmake --build /home/frigi/dev_ws/test/build/cpp_pubsub -- -j4 -l4
[1.611s] [ 50%] [32mBuilding CXX object CMakeFiles/listener.dir/src/subscriber_member_function.cpp.o[0m
[1.611s] [ 50%] [32mBuilding CXX object CMakeFiles/talker.dir/src/publisher_member_function.cpp.o[0m
[5.851s] [ 75%] [32m[1mLinking CXX executable talker[0m
[6.055s] [ 75%] Built target talker
[9.458s] [100%] [32m[1mLinking CXX executable listener[0m
[9.839s] [100%] Built target listener
[9.849s] Invoked command in '/home/frigi/dev_ws/test/build/cpp_pubsub' returned '0': CMAKE_PREFIX_PATH=${CMAKE_PREFIX_PATH}:/opt/ros/humble /usr/bin/cmake --build /home/frigi/dev_ws/test/build/cpp_pubsub -- -j4 -l4
[9.874s] Invoking command in '/home/frigi/dev_ws/test/build/cpp_pubsub': CMAKE_PREFIX_PATH=${CMAKE_PREFIX_PATH}:/opt/ros/humble /usr/bin/cmake --install /home/frigi/dev_ws/test/build/cpp_pubsub
[9.880s] -- Install configuration: ""
[9.880s] -- Installing: /home/frigi/dev_ws/test/install/cpp_pubsub/lib/cpp_pubsub/talker
[9.882s] -- Set runtime path of "/home/frigi/dev_ws/test/install/cpp_pubsub/lib/cpp_pubsub/talker" to ""
[9.883s] -- Installing: /home/frigi/dev_ws/test/install/cpp_pubsub/lib/cpp_pubsub/listener
[9.888s] -- Set runtime path of "/home/frigi/dev_ws/test/install/cpp_pubsub/lib/cpp_pubsub/listener" to ""
[9.888s] -- Installing: /home/frigi/dev_ws/test/install/cpp_pubsub/share/ament_index/resource_index/package_run_dependencies/cpp_pubsub
[9.888s] -- Installing: /home/frigi/dev_ws/test/install/cpp_pubsub/share/ament_index/resource_index/parent_prefix_path/cpp_pubsub
[9.889s] -- Installing: /home/frigi/dev_ws/test/install/cpp_pubsub/share/cpp_pubsub/environment/ament_prefix_path.sh
[9.889s] -- Installing: /home/frigi/dev_ws/test/install/cpp_pubsub/share/cpp_pubsub/environment/ament_prefix_path.dsv
[9.889s] -- Installing: /home/frigi/dev_ws/test/install/cpp_pubsub/share/cpp_pubsub/environment/path.sh
[9.889s] -- Installing: /home/frigi/dev_ws/test/install/cpp_pubsub/share/cpp_pubsub/environment/path.dsv
[9.889s] -- Installing: /home/frigi/dev_ws/test/install/cpp_pubsub/share/cpp_pubsub/local_setup.bash
[9.890s] -- Installing: /home/frigi/dev_ws/test/install/cpp_pubsub/share/cpp_pubsub/local_setup.sh
[9.890s] -- Installing: /home/frigi/dev_ws/test/install/cpp_pubsub/share/cpp_pubsub/local_setup.zsh
[9.890s] -- Installing: /home/frigi/dev_ws/test/install/cpp_pubsub/share/cpp_pubsub/local_setup.dsv
[9.891s] -- Installing: /home/frigi/dev_ws/test/install/cpp_pubsub/share/cpp_pubsub/package.dsv
[9.891s] -- Installing: /home/frigi/dev_ws/test/install/cpp_pubsub/share/ament_index/resource_index/packages/cpp_pubsub
[9.891s] -- Installing: /home/frigi/dev_ws/test/install/cpp_pubsub/share/cpp_pubsub/cmake/cpp_pubsubConfig.cmake
[9.891s] -- Installing: /home/frigi/dev_ws/test/install/cpp_pubsub/share/cpp_pubsub/cmake/cpp_pubsubConfig-version.cmake
[9.891s] -- Installing: /home/frigi/dev_ws/test/install/cpp_pubsub/share/cpp_pubsub/package.xml
[9.897s] Invoked command in '/home/frigi/dev_ws/test/build/cpp_pubsub' returned '0': CMAKE_PREFIX_PATH=${CMAKE_PREFIX_PATH}:/opt/ros/humble /usr/bin/cmake --install /home/frigi/dev_ws/test/build/cpp_pubsub
