[0.293s] Invoking command in '/home/frigi/dev_ws/test/build/turtlesim': CMAKE_PREFIX_PATH=${CMAKE_PREFIX_PATH}:/opt/ros/humble /usr/bin/cmake --build /home/frigi/dev_ws/test/build/turtlesim -- -j4 -l4
[0.378s] [ 10%] Built target turtlesim__rosidl_generator_c
[0.388s] [ 11%] Built target turtlesim__cpp
[0.400s] [ 11%] Built target ament_cmake_python_copy_turtlesim
[0.437s] [ 21%] Built target turtlesim__rosidl_typesupport_introspection_c
[0.441s] [ 31%] Built target turtlesim__rosidl_typesupport_c
[0.463s] [ 50%] Built target turtlesim__rosidl_typesupport_introspection_cpp
[0.464s] [ 51%] Built target turtlesim__rosidl_typesupport_fastrtps_c
[0.515s] [ 61%] Built target turtlesim__rosidl_typesupport_cpp
[0.528s] [ 71%] Built target turtlesim__rosidl_typesupport_fastrtps_cpp
[0.575s] [ 73%] Built target draw_square
[0.587s] [ 79%] Built target turtlesim_node
[0.597s] [ 81%] Built target turtle_teleop_key
[0.613s] [ 81%] Built target turtlesim
[0.627s] [ 83%] Built target mimic
[0.637s] [ 84%] Built target turtlesim__py
[0.660s] [ 93%] Built target turtlesim__rosidl_generator_py
[0.691s] [ 95%] Built target turtlesim__rosidl_typesupport_introspection_c__pyext
[0.694s] [ 97%] Built target turtlesim__rosidl_typesupport_c__pyext
[0.709s] [100%] Built target turtlesim__rosidl_typesupport_fastrtps_c__pyext
[0.797s] running egg_info
[0.797s] writing turtlesim.egg-info/PKG-INFO
[0.798s] writing dependency_links to turtlesim.egg-info/dependency_links.txt
[0.798s] writing top-level names to turtlesim.egg-info/top_level.txt
[0.803s] reading manifest file 'turtlesim.egg-info/SOURCES.txt'
[0.803s] writing manifest file 'turtlesim.egg-info/SOURCES.txt'
[0.831s] [100%] Built target ament_cmake_python_build_turtlesim_egg
[0.843s] Invoked command in '/home/frigi/dev_ws/test/build/turtlesim' returned '0': CMAKE_PREFIX_PATH=${CMAKE_PREFIX_PATH}:/opt/ros/humble /usr/bin/cmake --build /home/frigi/dev_ws/test/build/turtlesim -- -j4 -l4
[1.033s] Invoking command in '/home/frigi/dev_ws/test/build/turtlesim': CMAKE_PREFIX_PATH=${CMAKE_PREFIX_PATH}:/opt/ros/humble /usr/bin/cmake --install /home/frigi/dev_ws/test/build/turtlesim
[1.042s] -- Install configuration: ""
[1.042s] -- Up-to-date: /home/frigi/dev_ws/test/install/turtlesim/share/ament_index/resource_index/rosidl_interfaces/turtlesim
[1.043s] -- Up-to-date: /home/frigi/dev_ws/test/install/turtlesim/include/turtlesim/turtlesim
[1.043s] -- Up-to-date: /home/frigi/dev_ws/test/install/turtlesim/include/turtlesim/turtlesim/msg
[1.043s] -- Up-to-date: /home/frigi/dev_ws/test/install/turtlesim/include/turtlesim/turtlesim/msg/pose.h
[1.043s] -- Up-to-date: /home/frigi/dev_ws/test/install/turtlesim/include/turtlesim/turtlesim/msg/detail
[1.043s] -- Up-to-date: /home/frigi/dev_ws/test/install/turtlesim/include/turtlesim/turtlesim/msg/detail/color__type_support.h
[1.043s] -- Up-to-date: /home/frigi/dev_ws/test/install/turtlesim/include/turtlesim/turtlesim/msg/detail/pose__struct.h
[1.044s] -- Up-to-date: /home/frigi/dev_ws/test/install/turtlesim/include/turtlesim/turtlesim/msg/detail/color__functions.c
[1.044s] -- Up-to-date: /home/frigi/dev_ws/test/install/turtlesim/include/turtlesim/turtlesim/msg/detail/pose__functions.h
[1.045s] -- Up-to-date: /home/frigi/dev_ws/test/install/turtlesim/include/turtlesim/turtlesim/msg/detail/pose__functions.c
[1.045s] -- Up-to-date: /home/frigi/dev_ws/test/install/turtlesim/include/turtlesim/turtlesim/msg/detail/pose__type_support.h
[1.045s] -- Up-to-date: /home/frigi/dev_ws/test/install/turtlesim/include/turtlesim/turtlesim/msg/detail/color__functions.h
[1.045s] -- Up-to-date: /home/frigi/dev_ws/test/install/turtlesim/include/turtlesim/turtlesim/msg/detail/color__struct.h
[1.045s] -- Up-to-date: /home/frigi/dev_ws/test/install/turtlesim/include/turtlesim/turtlesim/msg/rosidl_generator_c__visibility_control.h
[1.045s] -- Up-to-date: /home/frigi/dev_ws/test/install/turtlesim/include/turtlesim/turtlesim/msg/color.h
[1.045s] -- Up-to-date: /home/frigi/dev_ws/test/install/turtlesim/include/turtlesim/turtlesim/srv
[1.045s] -- Up-to-date: /home/frigi/dev_ws/test/install/turtlesim/include/turtlesim/turtlesim/srv/set_pen.h
[1.045s] -- Up-to-date: /home/frigi/dev_ws/test/install/turtlesim/include/turtlesim/turtlesim/srv/spawn.h
[1.046s] -- Up-to-date: /home/frigi/dev_ws/test/install/turtlesim/include/turtlesim/turtlesim/srv/kill.h
[1.046s] -- Up-to-date: /home/frigi/dev_ws/test/install/turtlesim/include/turtlesim/turtlesim/srv/detail
[1.046s] -- Up-to-date: /home/frigi/dev_ws/test/install/turtlesim/include/turtlesim/turtlesim/srv/detail/set_pen__type_support.h
[1.046s] -- Up-to-date: /home/frigi/dev_ws/test/install/turtlesim/include/turtlesim/turtlesim/srv/detail/spawn__functions.c
[1.046s] -- Up-to-date: /home/frigi/dev_ws/test/install/turtlesim/include/turtlesim/turtlesim/srv/detail/set_pen__functions.c
[1.046s] -- Up-to-date: /home/frigi/dev_ws/test/install/turtlesim/include/turtlesim/turtlesim/srv/detail/kill__struct.h
[1.046s] -- Up-to-date: /home/frigi/dev_ws/test/install/turtlesim/include/turtlesim/turtlesim/srv/detail/teleport_absolute__struct.h
[1.046s] -- Up-to-date: /home/frigi/dev_ws/test/install/turtlesim/include/turtlesim/turtlesim/srv/detail/set_pen__struct.h
[1.047s] -- Up-to-date: /home/frigi/dev_ws/test/install/turtlesim/include/turtlesim/turtlesim/srv/detail/teleport_relative__functions.h
[1.047s] -- Up-to-date: /home/frigi/dev_ws/test/install/turtlesim/include/turtlesim/turtlesim/srv/detail/kill__functions.h
[1.047s] -- Up-to-date: /home/frigi/dev_ws/test/install/turtlesim/include/turtlesim/turtlesim/srv/detail/teleport_relative__struct.h
[1.047s] -- Up-to-date: /home/frigi/dev_ws/test/install/turtlesim/include/turtlesim/turtlesim/srv/detail/teleport_relative__type_support.h
[1.047s] -- Up-to-date: /home/frigi/dev_ws/test/install/turtlesim/include/turtlesim/turtlesim/srv/detail/teleport_relative__functions.c
[1.047s] -- Up-to-date: /home/frigi/dev_ws/test/install/turtlesim/include/turtlesim/turtlesim/srv/detail/teleport_absolute__functions.c
[1.047s] -- Up-to-date: /home/frigi/dev_ws/test/install/turtlesim/include/turtlesim/turtlesim/srv/detail/spawn__type_support.h
[1.047s] -- Up-to-date: /home/frigi/dev_ws/test/install/turtlesim/include/turtlesim/turtlesim/srv/detail/set_pen__functions.h
[1.048s] -- Up-to-date: /home/frigi/dev_ws/test/install/turtlesim/include/turtlesim/turtlesim/srv/detail/spawn__functions.h
[1.048s] -- Up-to-date: /home/frigi/dev_ws/test/install/turtlesim/include/turtlesim/turtlesim/srv/detail/kill__type_support.h
[1.048s] -- Up-to-date: /home/frigi/dev_ws/test/install/turtlesim/include/turtlesim/turtlesim/srv/detail/teleport_absolute__functions.h
[1.048s] -- Up-to-date: /home/frigi/dev_ws/test/install/turtlesim/include/turtlesim/turtlesim/srv/detail/teleport_absolute__type_support.h
[1.048s] -- Up-to-date: /home/frigi/dev_ws/test/install/turtlesim/include/turtlesim/turtlesim/srv/detail/kill__functions.c
[1.048s] -- Up-to-date: /home/frigi/dev_ws/test/install/turtlesim/include/turtlesim/turtlesim/srv/detail/spawn__struct.h
[1.048s] -- Up-to-date: /home/frigi/dev_ws/test/install/turtlesim/include/turtlesim/turtlesim/srv/teleport_relative.h
[1.048s] -- Up-to-date: /home/frigi/dev_ws/test/install/turtlesim/include/turtlesim/turtlesim/srv/teleport_absolute.h
[1.048s] -- Up-to-date: /home/frigi/dev_ws/test/install/turtlesim/include/turtlesim/turtlesim/action
[1.049s] -- Up-to-date: /home/frigi/dev_ws/test/install/turtlesim/include/turtlesim/turtlesim/action/detail
[1.049s] -- Up-to-date: /home/frigi/dev_ws/test/install/turtlesim/include/turtlesim/turtlesim/action/detail/rotate_absolute__functions.c
[1.049s] -- Up-to-date: /home/frigi/dev_ws/test/install/turtlesim/include/turtlesim/turtlesim/action/detail/rotate_absolute__functions.h
[1.049s] -- Up-to-date: /home/frigi/dev_ws/test/install/turtlesim/include/turtlesim/turtlesim/action/detail/rotate_absolute__type_support.h
[1.049s] -- Up-to-date: /home/frigi/dev_ws/test/install/turtlesim/include/turtlesim/turtlesim/action/detail/rotate_absolute__struct.h
[1.049s] -- Up-to-date: /home/frigi/dev_ws/test/install/turtlesim/include/turtlesim/turtlesim/action/rotate_absolute.h
[1.049s] -- Up-to-date: /home/frigi/dev_ws/test/install/turtlesim/share/turtlesim/environment/library_path.sh
[1.049s] -- Up-to-date: /home/frigi/dev_ws/test/install/turtlesim/share/turtlesim/environment/library_path.dsv
[1.050s] -- Up-to-date: /home/frigi/dev_ws/test/install/turtlesim/lib/libturtlesim__rosidl_generator_c.so
[1.050s] -- Up-to-date: /home/frigi/dev_ws/test/install/turtlesim/include/turtlesim/turtlesim
[1.051s] -- Up-to-date: /home/frigi/dev_ws/test/install/turtlesim/include/turtlesim/turtlesim/msg
[1.051s] -- Up-to-date: /home/frigi/dev_ws/test/install/turtlesim/include/turtlesim/turtlesim/msg/detail
[1.051s] -- Up-to-date: /home/frigi/dev_ws/test/install/turtlesim/include/turtlesim/turtlesim/msg/detail/color__rosidl_typesupport_fastrtps_c.h
[1.051s] -- Up-to-date: /home/frigi/dev_ws/test/install/turtlesim/include/turtlesim/turtlesim/msg/detail/pose__rosidl_typesupport_fastrtps_c.h
[1.051s] -- Up-to-date: /home/frigi/dev_ws/test/install/turtlesim/include/turtlesim/turtlesim/msg/rosidl_typesupport_fastrtps_c__visibility_control.h
[1.051s] -- Up-to-date: /home/frigi/dev_ws/test/install/turtlesim/include/turtlesim/turtlesim/srv
[1.051s] -- Up-to-date: /home/frigi/dev_ws/test/install/turtlesim/include/turtlesim/turtlesim/srv/detail
[1.052s] -- Up-to-date: /home/frigi/dev_ws/test/install/turtlesim/include/turtlesim/turtlesim/srv/detail/spawn__rosidl_typesupport_fastrtps_c.h
[1.052s] -- Up-to-date: /home/frigi/dev_ws/test/install/turtlesim/include/turtlesim/turtlesim/srv/detail/teleport_relative__rosidl_typesupport_fastrtps_c.h
[1.052s] -- Up-to-date: /home/frigi/dev_ws/test/install/turtlesim/include/turtlesim/turtlesim/srv/detail/set_pen__rosidl_typesupport_fastrtps_c.h
[1.052s] -- Up-to-date: /home/frigi/dev_ws/test/install/turtlesim/include/turtlesim/turtlesim/srv/detail/kill__rosidl_typesupport_fastrtps_c.h
[1.052s] -- Up-to-date: /home/frigi/dev_ws/test/install/turtlesim/include/turtlesim/turtlesim/srv/detail/teleport_absolute__rosidl_typesupport_fastrtps_c.h
[1.053s] -- Up-to-date: /home/frigi/dev_ws/test/install/turtlesim/include/turtlesim/turtlesim/action
[1.053s] -- Up-to-date: /home/frigi/dev_ws/test/install/turtlesim/include/turtlesim/turtlesim/action/detail
[1.053s] -- Up-to-date: /home/frigi/dev_ws/test/install/turtlesim/include/turtlesim/turtlesim/action/detail/rotate_absolute__rosidl_typesupport_fastrtps_c.h
[1.053s] -- Up-to-date: /home/frigi/dev_ws/test/install/turtlesim/lib/libturtlesim__rosidl_typesupport_fastrtps_c.so
[1.053s] -- Up-to-date: /home/frigi/dev_ws/test/install/turtlesim/include/turtlesim/turtlesim
[1.053s] -- Up-to-date: /home/frigi/dev_ws/test/install/turtlesim/include/turtlesim/turtlesim/msg
[1.053s] -- Up-to-date: /home/frigi/dev_ws/test/install/turtlesim/include/turtlesim/turtlesim/msg/detail
[1.054s] -- Up-to-date: /home/frigi/dev_ws/test/install/turtlesim/include/turtlesim/turtlesim/msg/detail/pose__struct.hpp
[1.054s] -- Up-to-date: /home/frigi/dev_ws/test/install/turtlesim/include/turtlesim/turtlesim/msg/detail/pose__builder.hpp
[1.054s] -- Up-to-date: /home/frigi/dev_ws/test/install/turtlesim/include/turtlesim/turtlesim/msg/detail/color__struct.hpp
[1.054s] -- Up-to-date: /home/frigi/dev_ws/test/install/turtlesim/include/turtlesim/turtlesim/msg/detail/color__traits.hpp
[1.054s] -- Up-to-date: /home/frigi/dev_ws/test/install/turtlesim/include/turtlesim/turtlesim/msg/detail/pose__traits.hpp
[1.054s] -- Up-to-date: /home/frigi/dev_ws/test/install/turtlesim/include/turtlesim/turtlesim/msg/detail/color__builder.hpp
[1.054s] -- Up-to-date: /home/frigi/dev_ws/test/install/turtlesim/include/turtlesim/turtlesim/msg/color.hpp
[1.055s] -- Up-to-date: /home/frigi/dev_ws/test/install/turtlesim/include/turtlesim/turtlesim/msg/pose.hpp
[1.055s] -- Up-to-date: /home/frigi/dev_ws/test/install/turtlesim/include/turtlesim/turtlesim/srv
[1.055s] -- Up-to-date: /home/frigi/dev_ws/test/install/turtlesim/include/turtlesim/turtlesim/srv/spawn.hpp
[1.055s] -- Up-to-date: /home/frigi/dev_ws/test/install/turtlesim/include/turtlesim/turtlesim/srv/set_pen.hpp
[1.055s] -- Up-to-date: /home/frigi/dev_ws/test/install/turtlesim/include/turtlesim/turtlesim/srv/kill.hpp
[1.055s] -- Up-to-date: /home/frigi/dev_ws/test/install/turtlesim/include/turtlesim/turtlesim/srv/teleport_absolute.hpp
[1.055s] -- Up-to-date: /home/frigi/dev_ws/test/install/turtlesim/include/turtlesim/turtlesim/srv/detail
[1.056s] -- Up-to-date: /home/frigi/dev_ws/test/install/turtlesim/include/turtlesim/turtlesim/srv/detail/teleport_absolute__struct.hpp
[1.056s] -- Up-to-date: /home/frigi/dev_ws/test/install/turtlesim/include/turtlesim/turtlesim/srv/detail/set_pen__struct.hpp
[1.056s] -- Up-to-date: /home/frigi/dev_ws/test/install/turtlesim/include/turtlesim/turtlesim/srv/detail/set_pen__traits.hpp
[1.057s] -- Up-to-date: /home/frigi/dev_ws/test/install/turtlesim/include/turtlesim/turtlesim/srv/detail/spawn__builder.hpp
[1.057s] -- Up-to-date: /home/frigi/dev_ws/test/install/turtlesim/include/turtlesim/turtlesim/srv/detail/kill__traits.hpp
[1.057s] -- Up-to-date: /home/frigi/dev_ws/test/install/turtlesim/include/turtlesim/turtlesim/srv/detail/teleport_relative__builder.hpp
[1.057s] -- Up-to-date: /home/frigi/dev_ws/test/install/turtlesim/include/turtlesim/turtlesim/srv/detail/teleport_relative__struct.hpp
[1.057s] -- Up-to-date: /home/frigi/dev_ws/test/install/turtlesim/include/turtlesim/turtlesim/srv/detail/spawn__traits.hpp
[1.057s] -- Up-to-date: /home/frigi/dev_ws/test/install/turtlesim/include/turtlesim/turtlesim/srv/detail/kill__builder.hpp
[1.058s] -- Up-to-date: /home/frigi/dev_ws/test/install/turtlesim/include/turtlesim/turtlesim/srv/detail/set_pen__builder.hpp
[1.058s] -- Up-to-date: /home/frigi/dev_ws/test/install/turtlesim/include/turtlesim/turtlesim/srv/detail/kill__struct.hpp
[1.058s] -- Up-to-date: /home/frigi/dev_ws/test/install/turtlesim/include/turtlesim/turtlesim/srv/detail/spawn__struct.hpp
[1.058s] -- Up-to-date: /home/frigi/dev_ws/test/install/turtlesim/include/turtlesim/turtlesim/srv/detail/teleport_absolute__traits.hpp
[1.058s] -- Up-to-date: /home/frigi/dev_ws/test/install/turtlesim/include/turtlesim/turtlesim/srv/detail/teleport_absolute__builder.hpp
[1.058s] -- Up-to-date: /home/frigi/dev_ws/test/install/turtlesim/include/turtlesim/turtlesim/srv/detail/teleport_relative__traits.hpp
[1.059s] -- Up-to-date: /home/frigi/dev_ws/test/install/turtlesim/include/turtlesim/turtlesim/srv/teleport_relative.hpp
[1.059s] -- Up-to-date: /home/frigi/dev_ws/test/install/turtlesim/include/turtlesim/turtlesim/action
[1.059s] -- Up-to-date: /home/frigi/dev_ws/test/install/turtlesim/include/turtlesim/turtlesim/action/rotate_absolute.hpp
[1.059s] -- Up-to-date: /home/frigi/dev_ws/test/install/turtlesim/include/turtlesim/turtlesim/action/detail
[1.059s] -- Up-to-date: /home/frigi/dev_ws/test/install/turtlesim/include/turtlesim/turtlesim/action/detail/rotate_absolute__struct.hpp
[1.059s] -- Up-to-date: /home/frigi/dev_ws/test/install/turtlesim/include/turtlesim/turtlesim/action/detail/rotate_absolute__builder.hpp
[1.059s] -- Up-to-date: /home/frigi/dev_ws/test/install/turtlesim/include/turtlesim/turtlesim/action/detail/rotate_absolute__traits.hpp
[1.060s] -- Up-to-date: /home/frigi/dev_ws/test/install/turtlesim/include/turtlesim/turtlesim
[1.060s] -- Up-to-date: /home/frigi/dev_ws/test/install/turtlesim/include/turtlesim/turtlesim/msg
[1.060s] -- Up-to-date: /home/frigi/dev_ws/test/install/turtlesim/include/turtlesim/turtlesim/msg/detail
[1.060s] -- Up-to-date: /home/frigi/dev_ws/test/install/turtlesim/include/turtlesim/turtlesim/msg/detail/dds_fastrtps
[1.060s] -- Up-to-date: /home/frigi/dev_ws/test/install/turtlesim/include/turtlesim/turtlesim/msg/detail/color__rosidl_typesupport_fastrtps_cpp.hpp
[1.060s] -- Up-to-date: /home/frigi/dev_ws/test/install/turtlesim/include/turtlesim/turtlesim/msg/detail/pose__rosidl_typesupport_fastrtps_cpp.hpp
[1.060s] -- Up-to-date: /home/frigi/dev_ws/test/install/turtlesim/include/turtlesim/turtlesim/msg/rosidl_typesupport_fastrtps_cpp__visibility_control.h
[1.060s] -- Up-to-date: /home/frigi/dev_ws/test/install/turtlesim/include/turtlesim/turtlesim/srv
[1.060s] -- Up-to-date: /home/frigi/dev_ws/test/install/turtlesim/include/turtlesim/turtlesim/srv/detail
[1.061s] -- Up-to-date: /home/frigi/dev_ws/test/install/turtlesim/include/turtlesim/turtlesim/srv/detail/dds_fastrtps
[1.061s] -- Up-to-date: /home/frigi/dev_ws/test/install/turtlesim/include/turtlesim/turtlesim/srv/detail/kill__rosidl_typesupport_fastrtps_cpp.hpp
[1.061s] -- Up-to-date: /home/frigi/dev_ws/test/install/turtlesim/include/turtlesim/turtlesim/srv/detail/teleport_relative__rosidl_typesupport_fastrtps_cpp.hpp
[1.061s] -- Up-to-date: /home/frigi/dev_ws/test/install/turtlesim/include/turtlesim/turtlesim/srv/detail/teleport_absolute__rosidl_typesupport_fastrtps_cpp.hpp
[1.061s] -- Up-to-date: /home/frigi/dev_ws/test/install/turtlesim/include/turtlesim/turtlesim/srv/detail/spawn__rosidl_typesupport_fastrtps_cpp.hpp
[1.061s] -- Up-to-date: /home/frigi/dev_ws/test/install/turtlesim/include/turtlesim/turtlesim/srv/detail/set_pen__rosidl_typesupport_fastrtps_cpp.hpp
[1.061s] -- Up-to-date: /home/frigi/dev_ws/test/install/turtlesim/include/turtlesim/turtlesim/action
[1.061s] -- Up-to-date: /home/frigi/dev_ws/test/install/turtlesim/include/turtlesim/turtlesim/action/detail
[1.061s] -- Up-to-date: /home/frigi/dev_ws/test/install/turtlesim/include/turtlesim/turtlesim/action/detail/dds_fastrtps
[1.062s] -- Up-to-date: /home/frigi/dev_ws/test/install/turtlesim/include/turtlesim/turtlesim/action/detail/rotate_absolute__rosidl_typesupport_fastrtps_cpp.hpp
[1.062s] -- Up-to-date: /home/frigi/dev_ws/test/install/turtlesim/lib/libturtlesim__rosidl_typesupport_fastrtps_cpp.so
[1.062s] -- Up-to-date: /home/frigi/dev_ws/test/install/turtlesim/include/turtlesim/turtlesim
[1.062s] -- Up-to-date: /home/frigi/dev_ws/test/install/turtlesim/include/turtlesim/turtlesim/msg
[1.062s] -- Up-to-date: /home/frigi/dev_ws/test/install/turtlesim/include/turtlesim/turtlesim/msg/rosidl_typesupport_introspection_c__visibility_control.h
[1.062s] -- Up-to-date: /home/frigi/dev_ws/test/install/turtlesim/include/turtlesim/turtlesim/msg/detail
[1.062s] -- Up-to-date: /home/frigi/dev_ws/test/install/turtlesim/include/turtlesim/turtlesim/msg/detail/color__rosidl_typesupport_introspection_c.h
[1.062s] -- Up-to-date: /home/frigi/dev_ws/test/install/turtlesim/include/turtlesim/turtlesim/msg/detail/pose__type_support.c
[1.062s] -- Up-to-date: /home/frigi/dev_ws/test/install/turtlesim/include/turtlesim/turtlesim/msg/detail/pose__rosidl_typesupport_introspection_c.h
[1.063s] -- Up-to-date: /home/frigi/dev_ws/test/install/turtlesim/include/turtlesim/turtlesim/msg/detail/color__type_support.c
[1.063s] -- Up-to-date: /home/frigi/dev_ws/test/install/turtlesim/include/turtlesim/turtlesim/srv
[1.063s] -- Up-to-date: /home/frigi/dev_ws/test/install/turtlesim/include/turtlesim/turtlesim/srv/detail
[1.063s] -- Up-to-date: /home/frigi/dev_ws/test/install/turtlesim/include/turtlesim/turtlesim/srv/detail/teleport_absolute__rosidl_typesupport_introspection_c.h
[1.063s] -- Up-to-date: /home/frigi/dev_ws/test/install/turtlesim/include/turtlesim/turtlesim/srv/detail/teleport_relative__rosidl_typesupport_introspection_c.h
[1.063s] -- Up-to-date: /home/frigi/dev_ws/test/install/turtlesim/include/turtlesim/turtlesim/srv/detail/kill__type_support.c
[1.063s] -- Up-to-date: /home/frigi/dev_ws/test/install/turtlesim/include/turtlesim/turtlesim/srv/detail/teleport_relative__type_support.c
[1.063s] -- Up-to-date: /home/frigi/dev_ws/test/install/turtlesim/include/turtlesim/turtlesim/srv/detail/kill__rosidl_typesupport_introspection_c.h
[1.064s] -- Up-to-date: /home/frigi/dev_ws/test/install/turtlesim/include/turtlesim/turtlesim/srv/detail/spawn__type_support.c
[1.064s] -- Up-to-date: /home/frigi/dev_ws/test/install/turtlesim/include/turtlesim/turtlesim/srv/detail/teleport_absolute__type_support.c
[1.064s] -- Up-to-date: /home/frigi/dev_ws/test/install/turtlesim/include/turtlesim/turtlesim/srv/detail/spawn__rosidl_typesupport_introspection_c.h
[1.064s] -- Up-to-date: /home/frigi/dev_ws/test/install/turtlesim/include/turtlesim/turtlesim/srv/detail/set_pen__rosidl_typesupport_introspection_c.h
[1.064s] -- Up-to-date: /home/frigi/dev_ws/test/install/turtlesim/include/turtlesim/turtlesim/srv/detail/set_pen__type_support.c
[1.064s] -- Up-to-date: /home/frigi/dev_ws/test/install/turtlesim/include/turtlesim/turtlesim/action
[1.064s] -- Up-to-date: /home/frigi/dev_ws/test/install/turtlesim/include/turtlesim/turtlesim/action/detail
[1.064s] -- Up-to-date: /home/frigi/dev_ws/test/install/turtlesim/include/turtlesim/turtlesim/action/detail/rotate_absolute__type_support.c
[1.064s] -- Up-to-date: /home/frigi/dev_ws/test/install/turtlesim/include/turtlesim/turtlesim/action/detail/rotate_absolute__rosidl_typesupport_introspection_c.h
[1.065s] -- Up-to-date: /home/frigi/dev_ws/test/install/turtlesim/lib/libturtlesim__rosidl_typesupport_introspection_c.so
[1.065s] -- Up-to-date: /home/frigi/dev_ws/test/install/turtlesim/lib/libturtlesim__rosidl_typesupport_c.so
[1.065s] -- Up-to-date: /home/frigi/dev_ws/test/install/turtlesim/include/turtlesim/turtlesim
[1.065s] -- Up-to-date: /home/frigi/dev_ws/test/install/turtlesim/include/turtlesim/turtlesim/msg
[1.065s] -- Up-to-date: /home/frigi/dev_ws/test/install/turtlesim/include/turtlesim/turtlesim/msg/detail
[1.065s] -- Up-to-date: /home/frigi/dev_ws/test/install/turtlesim/include/turtlesim/turtlesim/msg/detail/pose__type_support.cpp
[1.065s] -- Up-to-date: /home/frigi/dev_ws/test/install/turtlesim/include/turtlesim/turtlesim/msg/detail/color__rosidl_typesupport_introspection_cpp.hpp
[1.065s] -- Up-to-date: /home/frigi/dev_ws/test/install/turtlesim/include/turtlesim/turtlesim/msg/detail/color__type_support.cpp
[1.066s] -- Up-to-date: /home/frigi/dev_ws/test/install/turtlesim/include/turtlesim/turtlesim/msg/detail/pose__rosidl_typesupport_introspection_cpp.hpp
[1.066s] -- Up-to-date: /home/frigi/dev_ws/test/install/turtlesim/include/turtlesim/turtlesim/srv
[1.066s] -- Up-to-date: /home/frigi/dev_ws/test/install/turtlesim/include/turtlesim/turtlesim/srv/detail
[1.066s] -- Up-to-date: /home/frigi/dev_ws/test/install/turtlesim/include/turtlesim/turtlesim/srv/detail/teleport_relative__rosidl_typesupport_introspection_cpp.hpp
[1.066s] -- Up-to-date: /home/frigi/dev_ws/test/install/turtlesim/include/turtlesim/turtlesim/srv/detail/set_pen__rosidl_typesupport_introspection_cpp.hpp
[1.066s] -- Up-to-date: /home/frigi/dev_ws/test/install/turtlesim/include/turtlesim/turtlesim/srv/detail/teleport_absolute__type_support.cpp
[1.066s] -- Up-to-date: /home/frigi/dev_ws/test/install/turtlesim/include/turtlesim/turtlesim/srv/detail/teleport_relative__type_support.cpp
[1.066s] -- Up-to-date: /home/frigi/dev_ws/test/install/turtlesim/include/turtlesim/turtlesim/srv/detail/set_pen__type_support.cpp
[1.067s] -- Up-to-date: /home/frigi/dev_ws/test/install/turtlesim/include/turtlesim/turtlesim/srv/detail/teleport_absolute__rosidl_typesupport_introspection_cpp.hpp
[1.067s] -- Up-to-date: /home/frigi/dev_ws/test/install/turtlesim/include/turtlesim/turtlesim/srv/detail/spawn__rosidl_typesupport_introspection_cpp.hpp
[1.067s] -- Up-to-date: /home/frigi/dev_ws/test/install/turtlesim/include/turtlesim/turtlesim/srv/detail/spawn__type_support.cpp
[1.067s] -- Up-to-date: /home/frigi/dev_ws/test/install/turtlesim/include/turtlesim/turtlesim/srv/detail/kill__type_support.cpp
[1.067s] -- Up-to-date: /home/frigi/dev_ws/test/install/turtlesim/include/turtlesim/turtlesim/srv/detail/kill__rosidl_typesupport_introspection_cpp.hpp
[1.067s] -- Up-to-date: /home/frigi/dev_ws/test/install/turtlesim/include/turtlesim/turtlesim/action
[1.067s] -- Up-to-date: /home/frigi/dev_ws/test/install/turtlesim/include/turtlesim/turtlesim/action/detail
[1.067s] -- Up-to-date: /home/frigi/dev_ws/test/install/turtlesim/include/turtlesim/turtlesim/action/detail/rotate_absolute__type_support.cpp
[1.068s] -- Up-to-date: /home/frigi/dev_ws/test/install/turtlesim/include/turtlesim/turtlesim/action/detail/rotate_absolute__rosidl_typesupport_introspection_cpp.hpp
[1.068s] -- Up-to-date: /home/frigi/dev_ws/test/install/turtlesim/lib/libturtlesim__rosidl_typesupport_introspection_cpp.so
[1.068s] -- Up-to-date: /home/frigi/dev_ws/test/install/turtlesim/lib/libturtlesim__rosidl_typesupport_cpp.so
[1.068s] -- Up-to-date: /home/frigi/dev_ws/test/install/turtlesim/share/turtlesim/environment/pythonpath.sh
[1.068s] -- Up-to-date: /home/frigi/dev_ws/test/install/turtlesim/share/turtlesim/environment/pythonpath.dsv
[1.068s] -- Up-to-date: /home/frigi/dev_ws/test/install/turtlesim/local/lib/python3.10/dist-packages/turtlesim-1.4.1-py3.10.egg-info
[1.068s] -- Installing: /home/frigi/dev_ws/test/install/turtlesim/local/lib/python3.10/dist-packages/turtlesim-1.4.1-py3.10.egg-info/PKG-INFO
[1.068s] -- Installing: /home/frigi/dev_ws/test/install/turtlesim/local/lib/python3.10/dist-packages/turtlesim-1.4.1-py3.10.egg-info/SOURCES.txt
[1.068s] -- Installing: /home/frigi/dev_ws/test/install/turtlesim/local/lib/python3.10/dist-packages/turtlesim-1.4.1-py3.10.egg-info/top_level.txt
[1.069s] -- Installing: /home/frigi/dev_ws/test/install/turtlesim/local/lib/python3.10/dist-packages/turtlesim-1.4.1-py3.10.egg-info/dependency_links.txt
[1.069s] -- Up-to-date: /home/frigi/dev_ws/test/install/turtlesim/local/lib/python3.10/dist-packages/turtlesim
[1.069s] -- Up-to-date: /home/frigi/dev_ws/test/install/turtlesim/local/lib/python3.10/dist-packages/turtlesim/__init__.py
[1.069s] -- Up-to-date: /home/frigi/dev_ws/test/install/turtlesim/local/lib/python3.10/dist-packages/turtlesim/msg
[1.069s] -- Up-to-date: /home/frigi/dev_ws/test/install/turtlesim/local/lib/python3.10/dist-packages/turtlesim/msg/__init__.py
[1.069s] -- Up-to-date: /home/frigi/dev_ws/test/install/turtlesim/local/lib/python3.10/dist-packages/turtlesim/msg/_color.py
[1.069s] -- Up-to-date: /home/frigi/dev_ws/test/install/turtlesim/local/lib/python3.10/dist-packages/turtlesim/msg/_color_s.c
[1.069s] -- Up-to-date: /home/frigi/dev_ws/test/install/turtlesim/local/lib/python3.10/dist-packages/turtlesim/msg/_pose.py
[1.069s] -- Up-to-date: /home/frigi/dev_ws/test/install/turtlesim/local/lib/python3.10/dist-packages/turtlesim/msg/_pose_s.c
[1.070s] -- Up-to-date: /home/frigi/dev_ws/test/install/turtlesim/local/lib/python3.10/dist-packages/turtlesim/_turtlesim_s.ep.rosidl_typesupport_fastrtps_c.c
[1.070s] -- Up-to-date: /home/frigi/dev_ws/test/install/turtlesim/local/lib/python3.10/dist-packages/turtlesim/_turtlesim_s.ep.rosidl_typesupport_c.c
[1.070s] -- Up-to-date: /home/frigi/dev_ws/test/install/turtlesim/local/lib/python3.10/dist-packages/turtlesim/_turtlesim_s.ep.rosidl_typesupport_introspection_c.c
[1.070s] -- Up-to-date: /home/frigi/dev_ws/test/install/turtlesim/local/lib/python3.10/dist-packages/turtlesim/turtlesim_s__rosidl_typesupport_introspection_c.cpython-310-x86_64-linux-gnu.so
[1.070s] -- Up-to-date: /home/frigi/dev_ws/test/install/turtlesim/local/lib/python3.10/dist-packages/turtlesim/libturtlesim__rosidl_generator_py.so
[1.070s] -- Up-to-date: /home/frigi/dev_ws/test/install/turtlesim/local/lib/python3.10/dist-packages/turtlesim/turtlesim_s__rosidl_typesupport_c.cpython-310-x86_64-linux-gnu.so
[1.070s] -- Up-to-date: /home/frigi/dev_ws/test/install/turtlesim/local/lib/python3.10/dist-packages/turtlesim/turtlesim_s__rosidl_typesupport_fastrtps_c.cpython-310-x86_64-linux-gnu.so
[1.070s] -- Up-to-date: /home/frigi/dev_ws/test/install/turtlesim/local/lib/python3.10/dist-packages/turtlesim/srv
[1.071s] -- Up-to-date: /home/frigi/dev_ws/test/install/turtlesim/local/lib/python3.10/dist-packages/turtlesim/srv/__init__.py
[1.071s] -- Up-to-date: /home/frigi/dev_ws/test/install/turtlesim/local/lib/python3.10/dist-packages/turtlesim/srv/_spawn_s.c
[1.071s] -- Up-to-date: /home/frigi/dev_ws/test/install/turtlesim/local/lib/python3.10/dist-packages/turtlesim/srv/_teleport_relative.py
[1.071s] -- Up-to-date: /home/frigi/dev_ws/test/install/turtlesim/local/lib/python3.10/dist-packages/turtlesim/srv/_teleport_relative_s.c
[1.071s] -- Up-to-date: /home/frigi/dev_ws/test/install/turtlesim/local/lib/python3.10/dist-packages/turtlesim/srv/_teleport_absolute.py
[1.071s] -- Up-to-date: /home/frigi/dev_ws/test/install/turtlesim/local/lib/python3.10/dist-packages/turtlesim/srv/_kill.py
[1.071s] -- Up-to-date: /home/frigi/dev_ws/test/install/turtlesim/local/lib/python3.10/dist-packages/turtlesim/srv/_spawn.py
[1.071s] -- Up-to-date: /home/frigi/dev_ws/test/install/turtlesim/local/lib/python3.10/dist-packages/turtlesim/srv/_teleport_absolute_s.c
[1.071s] -- Up-to-date: /home/frigi/dev_ws/test/install/turtlesim/local/lib/python3.10/dist-packages/turtlesim/srv/_kill_s.c
[1.072s] -- Up-to-date: /home/frigi/dev_ws/test/install/turtlesim/local/lib/python3.10/dist-packages/turtlesim/srv/_set_pen_s.c
[1.072s] -- Up-to-date: /home/frigi/dev_ws/test/install/turtlesim/local/lib/python3.10/dist-packages/turtlesim/srv/_set_pen.py
[1.072s] -- Up-to-date: /home/frigi/dev_ws/test/install/turtlesim/local/lib/python3.10/dist-packages/turtlesim/action
[1.072s] -- Up-to-date: /home/frigi/dev_ws/test/install/turtlesim/local/lib/python3.10/dist-packages/turtlesim/action/__init__.py
[1.072s] -- Up-to-date: /home/frigi/dev_ws/test/install/turtlesim/local/lib/python3.10/dist-packages/turtlesim/action/_rotate_absolute_s.c
[1.072s] -- Up-to-date: /home/frigi/dev_ws/test/install/turtlesim/local/lib/python3.10/dist-packages/turtlesim/action/_rotate_absolute.py
[1.102s] Listing '/home/frigi/dev_ws/test/install/turtlesim/local/lib/python3.10/dist-packages/turtlesim'...
[1.102s] Listing '/home/frigi/dev_ws/test/install/turtlesim/local/lib/python3.10/dist-packages/turtlesim/action'...
[1.102s] Listing '/home/frigi/dev_ws/test/install/turtlesim/local/lib/python3.10/dist-packages/turtlesim/msg'...
[1.103s] Listing '/home/frigi/dev_ws/test/install/turtlesim/local/lib/python3.10/dist-packages/turtlesim/srv'...
[1.107s] -- Up-to-date: /home/frigi/dev_ws/test/install/turtlesim/local/lib/python3.10/dist-packages/turtlesim/turtlesim_s__rosidl_typesupport_fastrtps_c.cpython-310-x86_64-linux-gnu.so
[1.107s] -- Up-to-date: /home/frigi/dev_ws/test/install/turtlesim/local/lib/python3.10/dist-packages/turtlesim/turtlesim_s__rosidl_typesupport_introspection_c.cpython-310-x86_64-linux-gnu.so
[1.108s] -- Up-to-date: /home/frigi/dev_ws/test/install/turtlesim/local/lib/python3.10/dist-packages/turtlesim/turtlesim_s__rosidl_typesupport_c.cpython-310-x86_64-linux-gnu.so
[1.109s] -- Up-to-date: /home/frigi/dev_ws/test/install/turtlesim/lib/libturtlesim__rosidl_generator_py.so
[1.109s] -- Up-to-date: /home/frigi/dev_ws/test/install/turtlesim/share/turtlesim/action/RotateAbsolute.idl
[1.109s] -- Up-to-date: /home/frigi/dev_ws/test/install/turtlesim/share/turtlesim/msg/Color.idl
[1.109s] -- Up-to-date: /home/frigi/dev_ws/test/install/turtlesim/share/turtlesim/msg/Pose.idl
[1.110s] -- Up-to-date: /home/frigi/dev_ws/test/install/turtlesim/share/turtlesim/srv/Kill.idl
[1.110s] -- Up-to-date: /home/frigi/dev_ws/test/install/turtlesim/share/turtlesim/srv/SetPen.idl
[1.110s] -- Up-to-date: /home/frigi/dev_ws/test/install/turtlesim/share/turtlesim/srv/Spawn.idl
[1.110s] -- Up-to-date: /home/frigi/dev_ws/test/install/turtlesim/share/turtlesim/srv/TeleportAbsolute.idl
[1.111s] -- Up-to-date: /home/frigi/dev_ws/test/install/turtlesim/share/turtlesim/srv/TeleportRelative.idl
[1.111s] -- Up-to-date: /home/frigi/dev_ws/test/install/turtlesim/share/turtlesim/action/RotateAbsolute.action
[1.111s] -- Up-to-date: /home/frigi/dev_ws/test/install/turtlesim/share/turtlesim/msg/Color.msg
[1.111s] -- Up-to-date: /home/frigi/dev_ws/test/install/turtlesim/share/turtlesim/msg/Pose.msg
[1.111s] -- Up-to-date: /home/frigi/dev_ws/test/install/turtlesim/share/turtlesim/srv/Kill.srv
[1.112s] -- Up-to-date: /home/frigi/dev_ws/test/install/turtlesim/share/turtlesim/srv/Kill_Request.msg
[1.112s] -- Up-to-date: /home/frigi/dev_ws/test/install/turtlesim/share/turtlesim/srv/Kill_Response.msg
[1.112s] -- Up-to-date: /home/frigi/dev_ws/test/install/turtlesim/share/turtlesim/srv/SetPen.srv
[1.112s] -- Up-to-date: /home/frigi/dev_ws/test/install/turtlesim/share/turtlesim/srv/SetPen_Request.msg
[1.112s] -- Up-to-date: /home/frigi/dev_ws/test/install/turtlesim/share/turtlesim/srv/SetPen_Response.msg
[1.112s] -- Up-to-date: /home/frigi/dev_ws/test/install/turtlesim/share/turtlesim/srv/Spawn.srv
[1.112s] -- Up-to-date: /home/frigi/dev_ws/test/install/turtlesim/share/turtlesim/srv/Spawn_Request.msg
[1.113s] -- Up-to-date: /home/frigi/dev_ws/test/install/turtlesim/share/turtlesim/srv/Spawn_Response.msg
[1.113s] -- Up-to-date: /home/frigi/dev_ws/test/install/turtlesim/share/turtlesim/srv/TeleportAbsolute.srv
[1.113s] -- Up-to-date: /home/frigi/dev_ws/test/install/turtlesim/share/turtlesim/srv/TeleportAbsolute_Request.msg
[1.113s] -- Up-to-date: /home/frigi/dev_ws/test/install/turtlesim/share/turtlesim/srv/TeleportAbsolute_Response.msg
[1.114s] -- Up-to-date: /home/frigi/dev_ws/test/install/turtlesim/share/turtlesim/srv/TeleportRelative.srv
[1.114s] -- Up-to-date: /home/frigi/dev_ws/test/install/turtlesim/share/turtlesim/srv/TeleportRelative_Request.msg
[1.114s] -- Up-to-date: /home/frigi/dev_ws/test/install/turtlesim/share/turtlesim/srv/TeleportRelative_Response.msg
[1.114s] -- Up-to-date: /home/frigi/dev_ws/test/install/turtlesim/lib/turtlesim/turtlesim_node
[1.115s] -- Up-to-date: /home/frigi/dev_ws/test/install/turtlesim/lib/turtlesim/turtle_teleop_key
[1.115s] -- Up-to-date: /home/frigi/dev_ws/test/install/turtlesim/lib/turtlesim/draw_square
[1.115s] -- Up-to-date: /home/frigi/dev_ws/test/install/turtlesim/lib/turtlesim/mimic
[1.115s] -- Up-to-date: /home/frigi/dev_ws/test/install/turtlesim/share/turtlesim/images
[1.115s] -- Up-to-date: /home/frigi/dev_ws/test/install/turtlesim/share/turtlesim/images/bouncy.png
[1.116s] -- Up-to-date: /home/frigi/dev_ws/test/install/turtlesim/share/turtlesim/images/foxy.png
[1.116s] -- Up-to-date: /home/frigi/dev_ws/test/install/turtlesim/share/turtlesim/images/galactic.png
[1.116s] -- Up-to-date: /home/frigi/dev_ws/test/install/turtlesim/share/turtlesim/images/dashing.png
[1.116s] -- Up-to-date: /home/frigi/dev_ws/test/install/turtlesim/share/turtlesim/images/rolling.png
[1.117s] -- Up-to-date: /home/frigi/dev_ws/test/install/turtlesim/share/turtlesim/images/crystal.png
[1.117s] -- Up-to-date: /home/frigi/dev_ws/test/install/turtlesim/share/turtlesim/images/humble.png
[1.117s] -- Up-to-date: /home/frigi/dev_ws/test/install/turtlesim/share/turtlesim/images/eloquent.png
[1.118s] -- Up-to-date: /home/frigi/dev_ws/test/install/turtlesim/share/turtlesim/images/ardent.png
[1.118s] -- Up-to-date: /home/frigi/dev_ws/test/install/turtlesim/share/turtlesim/launch
[1.118s] -- Up-to-date: /home/frigi/dev_ws/test/install/turtlesim/share/turtlesim/launch/multisim.launch.py
[1.118s] -- Up-to-date: /home/frigi/dev_ws/test/install/turtlesim/share/ament_index/resource_index/package_run_dependencies/turtlesim
[1.118s] -- Up-to-date: /home/frigi/dev_ws/test/install/turtlesim/share/ament_index/resource_index/parent_prefix_path/turtlesim
[1.118s] -- Up-to-date: /home/frigi/dev_ws/test/install/turtlesim/share/turtlesim/environment/ament_prefix_path.sh
[1.119s] -- Up-to-date: /home/frigi/dev_ws/test/install/turtlesim/share/turtlesim/environment/ament_prefix_path.dsv
[1.119s] -- Up-to-date: /home/frigi/dev_ws/test/install/turtlesim/share/turtlesim/environment/path.sh
[1.119s] -- Up-to-date: /home/frigi/dev_ws/test/install/turtlesim/share/turtlesim/environment/path.dsv
[1.119s] -- Up-to-date: /home/frigi/dev_ws/test/install/turtlesim/share/turtlesim/local_setup.bash
[1.119s] -- Up-to-date: /home/frigi/dev_ws/test/install/turtlesim/share/turtlesim/local_setup.sh
[1.119s] -- Up-to-date: /home/frigi/dev_ws/test/install/turtlesim/share/turtlesim/local_setup.zsh
[1.120s] -- Up-to-date: /home/frigi/dev_ws/test/install/turtlesim/share/turtlesim/local_setup.dsv
[1.123s] -- Installing: /home/frigi/dev_ws/test/install/turtlesim/share/turtlesim/package.dsv
[1.124s] -- Up-to-date: /home/frigi/dev_ws/test/install/turtlesim/share/ament_index/resource_index/packages/turtlesim
[1.124s] -- Up-to-date: /home/frigi/dev_ws/test/install/turtlesim/share/turtlesim/cmake/export_turtlesim__rosidl_generator_cExport.cmake
[1.124s] -- Up-to-date: /home/frigi/dev_ws/test/install/turtlesim/share/turtlesim/cmake/export_turtlesim__rosidl_generator_cExport-noconfig.cmake
[1.124s] -- Up-to-date: /home/frigi/dev_ws/test/install/turtlesim/share/turtlesim/cmake/export_turtlesim__rosidl_typesupport_fastrtps_cExport.cmake
[1.125s] -- Up-to-date: /home/frigi/dev_ws/test/install/turtlesim/share/turtlesim/cmake/export_turtlesim__rosidl_typesupport_fastrtps_cExport-noconfig.cmake
[1.125s] -- Up-to-date: /home/frigi/dev_ws/test/install/turtlesim/share/turtlesim/cmake/export_turtlesim__rosidl_generator_cppExport.cmake
[1.125s] -- Up-to-date: /home/frigi/dev_ws/test/install/turtlesim/share/turtlesim/cmake/export_turtlesim__rosidl_typesupport_fastrtps_cppExport.cmake
[1.125s] -- Up-to-date: /home/frigi/dev_ws/test/install/turtlesim/share/turtlesim/cmake/export_turtlesim__rosidl_typesupport_fastrtps_cppExport-noconfig.cmake
[1.125s] -- Up-to-date: /home/frigi/dev_ws/test/install/turtlesim/share/turtlesim/cmake/turtlesim__rosidl_typesupport_introspection_cExport.cmake
[1.126s] -- Up-to-date: /home/frigi/dev_ws/test/install/turtlesim/share/turtlesim/cmake/turtlesim__rosidl_typesupport_introspection_cExport-noconfig.cmake
[1.126s] -- Up-to-date: /home/frigi/dev_ws/test/install/turtlesim/share/turtlesim/cmake/turtlesim__rosidl_typesupport_cExport.cmake
[1.126s] -- Up-to-date: /home/frigi/dev_ws/test/install/turtlesim/share/turtlesim/cmake/turtlesim__rosidl_typesupport_cExport-noconfig.cmake
[1.126s] -- Up-to-date: /home/frigi/dev_ws/test/install/turtlesim/share/turtlesim/cmake/turtlesim__rosidl_typesupport_introspection_cppExport.cmake
[1.127s] -- Up-to-date: /home/frigi/dev_ws/test/install/turtlesim/share/turtlesim/cmake/turtlesim__rosidl_typesupport_introspection_cppExport-noconfig.cmake
[1.127s] -- Up-to-date: /home/frigi/dev_ws/test/install/turtlesim/share/turtlesim/cmake/turtlesim__rosidl_typesupport_cppExport.cmake
[1.127s] -- Up-to-date: /home/frigi/dev_ws/test/install/turtlesim/share/turtlesim/cmake/turtlesim__rosidl_typesupport_cppExport-noconfig.cmake
[1.127s] -- Up-to-date: /home/frigi/dev_ws/test/install/turtlesim/share/turtlesim/cmake/export_turtlesim__rosidl_generator_pyExport.cmake
[1.127s] -- Up-to-date: /home/frigi/dev_ws/test/install/turtlesim/share/turtlesim/cmake/export_turtlesim__rosidl_generator_pyExport-noconfig.cmake
[1.127s] -- Up-to-date: /home/frigi/dev_ws/test/install/turtlesim/share/turtlesim/cmake/rosidl_cmake-extras.cmake
[1.128s] -- Up-to-date: /home/frigi/dev_ws/test/install/turtlesim/share/turtlesim/cmake/ament_cmake_export_dependencies-extras.cmake
[1.128s] -- Up-to-date: /home/frigi/dev_ws/test/install/turtlesim/share/turtlesim/cmake/ament_cmake_export_include_directories-extras.cmake
[1.128s] -- Up-to-date: /home/frigi/dev_ws/test/install/turtlesim/share/turtlesim/cmake/ament_cmake_export_libraries-extras.cmake
[1.128s] -- Up-to-date: /home/frigi/dev_ws/test/install/turtlesim/share/turtlesim/cmake/ament_cmake_export_targets-extras.cmake
[1.128s] -- Up-to-date: /home/frigi/dev_ws/test/install/turtlesim/share/turtlesim/cmake/rosidl_cmake_export_typesupport_targets-extras.cmake
[1.128s] -- Up-to-date: /home/frigi/dev_ws/test/install/turtlesim/share/turtlesim/cmake/rosidl_cmake_export_typesupport_libraries-extras.cmake
[1.129s] -- Up-to-date: /home/frigi/dev_ws/test/install/turtlesim/share/turtlesim/cmake/turtlesimConfig.cmake
[1.129s] -- Up-to-date: /home/frigi/dev_ws/test/install/turtlesim/share/turtlesim/cmake/turtlesimConfig-version.cmake
[1.129s] -- Up-to-date: /home/frigi/dev_ws/test/install/turtlesim/share/turtlesim/package.xml
[1.129s] Invoked command in '/home/frigi/dev_ws/test/build/turtlesim' returned '0': CMAKE_PREFIX_PATH=${CMAKE_PREFIX_PATH}:/opt/ros/humble /usr/bin/cmake --install /home/frigi/dev_ws/test/build/turtlesim
