[0.020s] Invoking command in '/home/frigi/dev_ws/test/build/my_package': CMAKE_PREFIX_PATH=${CMAKE_PREFIX_PATH}:/opt/ros/humble /usr/bin/cmake --build /home/frigi/dev_ws/test/build/my_package -- -j4 -l4
[0.046s] -- Found ament_cmake: 1.3.2 (/opt/ros/humble/share/ament_cmake/cmake)
[0.298s] -- Found ament_lint_auto: 0.12.4 (/opt/ros/humble/share/ament_lint_auto/cmake)
[0.424s] -- Added test 'cppcheck' to perform static code analysis on C / C++ code
[0.425s] -- Configured cppcheck include dirs: $<BUILD_INTERFACE:/home/frigi/dev_ws/test/src/my_package/include>
[0.425s] -- Configured cppcheck exclude dirs and/or files: 
[0.426s] -- Added test 'lint_cmake' to check CMake code style
[0.428s] -- Added test 'uncrustify' to check C / C++ code style
[0.429s] -- Configured uncrustify additional arguments: 
[0.430s] -- Added test 'xmllint' to check XML markup files
[0.431s] -- Configuring done
[0.439s] -- Generating done
[0.441s] -- Build files have been written to: /home/frigi/dev_ws/test/build/my_package
[0.462s] [35m[1mConsolidate compiler generated dependencies of target my_node[0m
[0.474s] [100%] Built target my_node
[0.484s] Invoked command in '/home/frigi/dev_ws/test/build/my_package' returned '0': CMAKE_PREFIX_PATH=${CMAKE_PREFIX_PATH}:/opt/ros/humble /usr/bin/cmake --build /home/frigi/dev_ws/test/build/my_package -- -j4 -l4
[0.519s] Invoking command in '/home/frigi/dev_ws/test/build/my_package': CMAKE_PREFIX_PATH=${CMAKE_PREFIX_PATH}:/opt/ros/humble /usr/bin/cmake --install /home/frigi/dev_ws/test/build/my_package
[0.526s] -- Install configuration: ""
[0.526s] -- Up-to-date: /home/frigi/dev_ws/test/install/my_package/lib/my_package/my_node
[0.527s] -- Up-to-date: /home/frigi/dev_ws/test/install/my_package/share/ament_index/resource_index/package_run_dependencies/my_package
[0.528s] -- Installing: /home/frigi/dev_ws/test/install/my_package/share/ament_index/resource_index/parent_prefix_path/my_package
[0.528s] -- Up-to-date: /home/frigi/dev_ws/test/install/my_package/share/my_package/environment/ament_prefix_path.sh
[0.529s] -- Installing: /home/frigi/dev_ws/test/install/my_package/share/my_package/environment/ament_prefix_path.dsv
[0.529s] -- Up-to-date: /home/frigi/dev_ws/test/install/my_package/share/my_package/environment/path.sh
[0.529s] -- Installing: /home/frigi/dev_ws/test/install/my_package/share/my_package/environment/path.dsv
[0.529s] -- Up-to-date: /home/frigi/dev_ws/test/install/my_package/share/my_package/local_setup.bash
[0.530s] -- Up-to-date: /home/frigi/dev_ws/test/install/my_package/share/my_package/local_setup.sh
[0.530s] -- Up-to-date: /home/frigi/dev_ws/test/install/my_package/share/my_package/local_setup.zsh
[0.530s] -- Installing: /home/frigi/dev_ws/test/install/my_package/share/my_package/local_setup.dsv
[0.530s] -- Installing: /home/frigi/dev_ws/test/install/my_package/share/my_package/package.dsv
[0.530s] -- Up-to-date: /home/frigi/dev_ws/test/install/my_package/share/ament_index/resource_index/packages/my_package
[0.530s] -- Up-to-date: /home/frigi/dev_ws/test/install/my_package/share/my_package/cmake/my_packageConfig.cmake
[0.530s] -- Up-to-date: /home/frigi/dev_ws/test/install/my_package/share/my_package/cmake/my_packageConfig-version.cmake
[0.531s] -- Installing: /home/frigi/dev_ws/test/install/my_package/share/my_package/package.xml
[0.532s] Invoked command in '/home/frigi/dev_ws/test/build/my_package' returned '0': CMAKE_PREFIX_PATH=${CMAKE_PREFIX_PATH}:/opt/ros/humble /usr/bin/cmake --install /home/frigi/dev_ws/test/build/my_package
