[0.856s] Invoking command in '/home/frigi/dev_ws/test/src/py_pubsub': PYTHONPATH=/home/frigi/dev_ws/test/install/py_pubsub/lib/python3.10/site-packages:${PYTHONPATH} /usr/bin/python3 setup.py egg_info --egg-base ../../build/py_pubsub build --build-base /home/frigi/dev_ws/test/build/py_pubsub/build install --prefix /home/frigi/dev_ws/test/install/py_pubsub --record /home/frigi/dev_ws/test/build/py_pubsub/install.log --single-version-externally-managed
[1.108s] running egg_info
[1.109s] writing ../../build/py_pubsub/py_pubsub.egg-info/PKG-INFO
[1.109s] writing dependency_links to ../../build/py_pubsub/py_pubsub.egg-info/dependency_links.txt
[1.109s] writing entry points to ../../build/py_pubsub/py_pubsub.egg-info/entry_points.txt
[1.110s] writing requirements to ../../build/py_pubsub/py_pubsub.egg-info/requires.txt
[1.110s] writing top-level names to ../../build/py_pubsub/py_pubsub.egg-info/top_level.txt
[1.112s] reading manifest file '../../build/py_pubsub/py_pubsub.egg-info/SOURCES.txt'
[1.114s] writing manifest file '../../build/py_pubsub/py_pubsub.egg-info/SOURCES.txt'
[1.114s] running build
[1.114s] running build_py
[1.115s] running install
[1.116s] /usr/lib/python3/dist-packages/setuptools/command/install.py:34: SetuptoolsDeprecationWarning: setup.py install is deprecated. Use build and pip and other standards-based tools.
[1.116s]   warnings.warn(
[1.126s] running install_lib
[1.127s] running install_data
[1.130s] running install_egg_info
[1.137s] removing '/home/frigi/dev_ws/test/install/py_pubsub/lib/python3.10/site-packages/py_pubsub-0.0.0-py3.10.egg-info' (and everything under it)
[1.138s] Copying ../../build/py_pubsub/py_pubsub.egg-info to /home/frigi/dev_ws/test/install/py_pubsub/lib/python3.10/site-packages/py_pubsub-0.0.0-py3.10.egg-info
[1.141s] running install_scripts
[1.155s] Installing listener script to /home/frigi/dev_ws/test/install/py_pubsub/lib/py_pubsub
[1.155s] Installing talker script to /home/frigi/dev_ws/test/install/py_pubsub/lib/py_pubsub
[1.156s] writing list of installed files to '/home/frigi/dev_ws/test/build/py_pubsub/install.log'
[1.203s] Invoked command in '/home/frigi/dev_ws/test/src/py_pubsub' returned '0': PYTHONPATH=/home/frigi/dev_ws/test/install/py_pubsub/lib/python3.10/site-packages:${PYTHONPATH} /usr/bin/python3 setup.py egg_info --egg-base ../../build/py_pubsub build --build-base /home/frigi/dev_ws/test/build/py_pubsub/build install --prefix /home/frigi/dev_ws/test/install/py_pubsub --record /home/frigi/dev_ws/test/build/py_pubsub/install.log --single-version-externally-managed
